<?xml version="1.0" encoding="UTF-8"?>
<coverage generated="1734826813952" clover="3.2.0">
  <project timestamp="1734826813952" name="All files">
    <metrics statements="343" coveredstatements="343" conditionals="115" coveredconditionals="115" methods="51" coveredmethods="51" elements="509" coveredelements="509" complexity="0" loc="343" ncloc="343" packages="2" files="8" classes="8"/>
    <package name="model">
      <metrics statements="336" coveredstatements="336" conditionals="115" coveredconditionals="115" methods="49" coveredmethods="49"/>
      <file name="calendarSchema.ts" path="C:\Users\NymAno\Desktop\Projects\AirBnB-3rdParty\express-ts-mongoose-graphql-template-main\src\model\calendarSchema.ts">
        <metrics statements="36" coveredstatements="36" conditionals="13" coveredconditionals="13" methods="5" coveredmethods="5"/>
        <line num="1" count="6" type="stmt"/>
        <line num="2" count="6" type="stmt"/>
        <line num="3" count="6" type="stmt"/>
        <line num="5" count="6" type="stmt"/>
        <line num="13" count="6" type="stmt"/>
        <line num="14" count="2" type="stmt"/>
        <line num="15" count="2" type="stmt"/>
        <line num="17" count="2" type="stmt"/>
        <line num="18" count="2" type="stmt"/>
        <line num="20" count="2" type="cond" truecount="4" falsecount="0"/>
        <line num="21" count="2" type="cond" truecount="1" falsecount="0"/>
        <line num="23" count="2" type="stmt"/>
        <line num="25" count="2" type="cond" truecount="1" falsecount="0"/>
        <line num="26" count="2" type="stmt"/>
        <line num="27" count="2" type="cond" truecount="1" falsecount="0"/>
        <line num="28" count="1" type="stmt"/>
        <line num="34" count="1" type="stmt"/>
        <line num="37" count="6" type="stmt"/>
        <line num="38" count="50" type="cond" truecount="1" falsecount="0"/>
        <line num="39" count="2" type="stmt"/>
        <line num="40" count="48" type="stmt"/>
        <line num="43" count="6" type="stmt"/>
        <line num="44" count="47" type="stmt"/>
        <line num="47" count="6" type="stmt"/>
        <line num="48" count="6" type="cond" truecount="1" falsecount="0"/>
        <line num="49" count="6" type="stmt"/>
        <line num="56" count="6" type="stmt"/>
        <line num="60" count="6" type="stmt"/>
        <line num="61" count="1" type="cond" truecount="1" falsecount="0"/>
        <line num="62" count="1" type="stmt"/>
        <line num="63" count="1" type="stmt"/>
        <line num="65" count="1" type="cond" truecount="3" falsecount="0"/>
        <line num="66" count="1" type="stmt"/>
        <line num="72" count="1" type="stmt"/>
        <line num="76" count="6" type="stmt"/>
        <line num="78" count="6" type="stmt"/>
      </file>
      <file name="cohostSchema.ts" path="C:\Users\NymAno\Desktop\Projects\AirBnB-3rdParty\express-ts-mongoose-graphql-template-main\src\model\cohostSchema.ts">
        <metrics statements="63" coveredstatements="63" conditionals="14" coveredconditionals="14" methods="12" coveredmethods="12"/>
        <line num="1" count="6" type="stmt"/>
        <line num="2" count="6" type="stmt"/>
        <line num="3" count="6" type="stmt"/>
        <line num="6" count="6" type="stmt"/>
        <line num="8" count="6" type="stmt"/>
        <line num="27" count="6" type="stmt"/>
        <line num="30" count="8" type="stmt"/>
        <line num="31" count="8" type="stmt"/>
        <line num="33" count="8" type="stmt"/>
        <line num="37" count="6" type="stmt"/>
        <line num="39" count="62" type="stmt"/>
        <line num="41" count="62" type="cond" truecount="1" falsecount="0"/>
        <line num="42" count="2" type="stmt"/>
        <line num="44" count="60" type="stmt"/>
        <line num="47" count="6" type="stmt"/>
        <line num="50" count="15" type="stmt"/>
        <line num="51" count="15" type="stmt"/>
        <line num="53" count="15" type="stmt"/>
        <line num="55" count="15" type="cond" truecount="4" falsecount="0"/>
        <line num="56" count="15" type="cond" truecount="1" falsecount="0"/>
        <line num="58" count="3" type="stmt"/>
        <line num="60" count="3" type="cond" truecount="1" falsecount="0"/>
        <line num="61" count="1" type="stmt"/>
        <line num="64" count="14" type="cond" truecount="1" falsecount="0"/>
        <line num="65" count="3" type="stmt"/>
        <line num="68" count="14" type="cond" truecount="1" falsecount="0"/>
        <line num="69" count="2" type="stmt"/>
        <line num="70" count="2" type="stmt"/>
        <line num="73" count="14" type="cond" truecount="1" falsecount="0"/>
        <line num="74" count="5" type="cond" truecount="1" falsecount="0"/>
        <line num="75" count="3" type="stmt"/>
        <line num="79" count="11" type="stmt"/>
        <line num="83" count="6" type="stmt"/>
        <line num="85" count="55" type="stmt"/>
        <line num="87" count="55" type="stmt"/>
        <line num="90" count="6" type="stmt"/>
        <line num="91" count="55" type="cond" truecount="1" falsecount="0"/>
        <line num="92" count="2" type="stmt"/>
        <line num="94" count="53" type="cond" truecount="1" falsecount="0"/>
        <line num="96" count="52" type="stmt"/>
        <line num="97" count="52" type="stmt"/>
        <line num="99" count="52" type="stmt"/>
        <line num="103" count="6" type="stmt"/>
        <line num="104" count="3" type="stmt"/>
        <line num="107" count="6" type="stmt"/>
        <line num="108" count="5" type="stmt"/>
        <line num="109" count="9" type="stmt"/>
        <line num="112" count="5" type="stmt"/>
        <line num="120" count="6" type="stmt"/>
        <line num="121" count="6" type="stmt"/>
        <line num="122" count="6" type="stmt"/>
        <line num="128" count="6" type="stmt"/>
        <line num="129" count="4" type="stmt"/>
        <line num="132" count="4" type="cond" truecount="1" falsecount="0"/>
        <line num="134" count="3" type="stmt"/>
        <line num="135" count="3" type="stmt"/>
        <line num="136" count="9" type="stmt"/>
        <line num="140" count="3" type="stmt"/>
        <line num="146" count="3" type="stmt"/>
        <line num="153" count="6" type="stmt"/>
        <line num="154" count="53" type="stmt"/>
        <line num="161" count="6" type="stmt"/>
        <line num="163" count="6" type="stmt"/>
      </file>
      <file name="daySchema.ts" path="C:\Users\NymAno\Desktop\Projects\AirBnB-3rdParty\express-ts-mongoose-graphql-template-main\src\model\daySchema.ts">
        <metrics statements="27" coveredstatements="27" conditionals="16" coveredconditionals="16" methods="3" coveredmethods="3"/>
        <line num="1" count="6" type="stmt"/>
        <line num="3" count="6" type="stmt"/>
        <line num="19" count="6" type="stmt"/>
        <line num="20" count="6" type="stmt"/>
        <line num="21" count="6" type="stmt"/>
        <line num="23" count="6" type="stmt"/>
        <line num="24" count="76" type="cond" truecount="1" falsecount="0"/>
        <line num="25" count="2" type="stmt"/>
        <line num="27" count="74" type="stmt"/>
        <line num="30" count="6" type="stmt"/>
        <line num="33" count="20" type="stmt"/>
        <line num="34" count="20" type="stmt"/>
        <line num="35" count="20" type="stmt"/>
        <line num="37" count="20" type="cond" truecount="1" falsecount="0"/>
        <line num="42" count="20" type="cond" truecount="3" falsecount="0"/>
        <line num="43" count="1" type="cond" truecount="1" falsecount="0"/>
        <line num="44" count="1" type="stmt"/>
        <line num="49" count="19" type="cond" truecount="1" falsecount="0"/>
        <line num="50" count="2" type="cond" truecount="1" falsecount="0"/>
        <line num="51" count="1" type="stmt"/>
        <line num="58" count="6" type="stmt"/>
        <line num="59" count="72" type="cond" truecount="1" falsecount="0"/>
        <line num="60" count="72" type="stmt"/>
        <line num="63" count="72" type="cond" truecount="4" falsecount="0"/>
        <line num="64" count="4" type="stmt"/>
        <line num="68" count="68" type="stmt"/>
        <line num="71" count="6" type="stmt"/>
      </file>
      <file name="guestSchema.ts" path="C:\Users\NymAno\Desktop\Projects\AirBnB-3rdParty\express-ts-mongoose-graphql-template-main\src\model\guestSchema.ts">
        <metrics statements="78" coveredstatements="78" conditionals="27" coveredconditionals="27" methods="12" coveredmethods="12"/>
        <line num="1" count="6" type="stmt"/>
        <line num="2" count="6" type="stmt"/>
        <line num="3" count="6" type="stmt"/>
        <line num="4" count="6" type="stmt"/>
        <line num="6" count="6" type="stmt"/>
        <line num="22" count="6" type="stmt"/>
        <line num="23" count="4" type="stmt"/>
        <line num="24" count="4" type="stmt"/>
        <line num="26" count="4" type="stmt"/>
        <line num="29" count="6" type="stmt"/>
        <line num="31" count="97" type="cond" truecount="1" falsecount="0"/>
        <line num="32" count="4" type="stmt"/>
        <line num="35" count="93" type="stmt"/>
        <line num="37" count="93" type="cond" truecount="1" falsecount="0"/>
        <line num="38" count="1" type="stmt"/>
        <line num="40" count="92" type="stmt"/>
        <line num="43" count="6" type="stmt"/>
        <line num="46" count="13" type="stmt"/>
        <line num="47" count="13" type="stmt"/>
        <line num="49" count="13" type="stmt"/>
        <line num="51" count="13" type="cond" truecount="4" falsecount="0"/>
        <line num="52" count="13" type="cond" truecount="1" falsecount="0"/>
        <line num="54" count="3" type="cond" truecount="2" falsecount="0"/>
        <line num="55" count="1" type="stmt"/>
        <line num="56" count="1" type="cond" truecount="3" falsecount="0"/>
        <line num="57" count="1" type="stmt"/>
        <line num="60" count="2" type="stmt"/>
        <line num="65" count="11" type="cond" truecount="1" falsecount="0"/>
        <line num="66" count="1" type="cond" truecount="1" falsecount="0"/>
        <line num="67" count="1" type="stmt"/>
        <line num="70" count="10" type="cond" truecount="1" falsecount="0"/>
        <line num="72" count="2" type="stmt"/>
        <line num="74" count="2" type="cond" truecount="1" falsecount="0"/>
        <line num="75" count="1" type="stmt"/>
        <line num="78" count="9" type="cond" truecount="1" falsecount="0"/>
        <line num="79" count="2" type="stmt"/>
        <line num="82" count="9" type="cond" truecount="1" falsecount="0"/>
        <line num="83" count="1" type="cond" truecount="1" falsecount="0"/>
        <line num="84" count="1" type="stmt"/>
        <line num="88" count="8" type="stmt"/>
        <line num="92" count="6" type="stmt"/>
        <line num="94" count="72" type="cond" truecount="1" falsecount="0"/>
        <line num="97" count="72" type="cond" truecount="2" falsecount="0"/>
        <line num="98" count="71" type="stmt"/>
        <line num="99" count="71" type="cond" truecount="3" falsecount="0"/>
        <line num="100" count="71" type="stmt"/>
        <line num="103" count="1" type="stmt"/>
        <line num="107" count="71" type="stmt"/>
        <line num="109" count="71" type="stmt"/>
        <line num="112" count="6" type="stmt"/>
        <line num="113" count="71" type="cond" truecount="1" falsecount="0"/>
        <line num="114" count="1" type="stmt"/>
        <line num="116" count="70" type="stmt"/>
        <line num="119" count="6" type="stmt"/>
        <line num="120" count="66" type="stmt"/>
        <line num="127" count="6" type="stmt"/>
        <line num="128" count="3" type="stmt"/>
        <line num="129" count="3" type="stmt"/>
        <line num="135" count="6" type="stmt"/>
        <line num="136" count="4" type="stmt"/>
        <line num="138" count="4" type="cond" truecount="1" falsecount="0"/>
        <line num="139" count="2" type="stmt"/>
        <line num="140" count="2" type="stmt"/>
        <line num="141" count="3" type="stmt"/>
        <line num="145" count="2" type="stmt"/>
        <line num="151" count="2" type="stmt"/>
        <line num="158" count="6" type="stmt"/>
        <line num="159" count="3" type="stmt"/>
        <line num="165" count="3" type="stmt"/>
        <line num="172" count="6" type="stmt"/>
        <line num="174" count="4" type="stmt"/>
        <line num="175" count="7" type="stmt"/>
        <line num="178" count="4" type="stmt"/>
        <line num="185" count="6" type="stmt"/>
        <line num="186" count="6" type="stmt"/>
        <line num="187" count="6" type="stmt"/>
        <line num="188" count="6" type="stmt"/>
        <line num="190" count="6" type="stmt"/>
      </file>
      <file name="hostSchema.ts" path="C:\Users\NymAno\Desktop\Projects\AirBnB-3rdParty\express-ts-mongoose-graphql-template-main\src\model\hostSchema.ts">
        <metrics statements="72" coveredstatements="72" conditionals="22" coveredconditionals="22" methods="7" coveredmethods="7"/>
        <line num="1" count="6" type="stmt"/>
        <line num="2" count="6" type="stmt"/>
        <line num="3" count="6" type="stmt"/>
        <line num="4" count="6" type="stmt"/>
        <line num="5" count="6" type="stmt"/>
        <line num="6" count="6" type="stmt"/>
        <line num="8" count="6" type="stmt"/>
        <line num="10" count="6" type="stmt"/>
        <line num="28" count="6" type="stmt"/>
        <line num="30" count="6" type="stmt"/>
        <line num="32" count="244" type="stmt"/>
        <line num="34" count="244" type="cond" truecount="1" falsecount="0"/>
        <line num="35" count="1" type="stmt"/>
        <line num="37" count="243" type="stmt"/>
        <line num="42" count="6" type="stmt"/>
        <line num="44" count="219" type="stmt"/>
        <line num="46" count="219" type="stmt"/>
        <line num="49" count="6" type="stmt"/>
        <line num="50" count="219" type="cond" truecount="1" falsecount="0"/>
        <line num="52" count="218" type="stmt"/>
        <line num="53" count="218" type="stmt"/>
        <line num="55" count="218" type="stmt"/>
        <line num="62" count="6" type="stmt"/>
        <line num="65" count="269" type="stmt"/>
        <line num="67" count="269" type="cond" truecount="4" falsecount="0"/>
        <line num="68" count="269" type="cond" truecount="1" falsecount="0"/>
        <line num="70" count="3" type="stmt"/>
        <line num="72" count="3" type="cond" truecount="1" falsecount="0"/>
        <line num="73" count="2" type="stmt"/>
        <line num="76" count="267" type="cond" truecount="1" falsecount="0"/>
        <line num="77" count="2" type="stmt"/>
        <line num="80" count="267" type="cond" truecount="1" falsecount="0"/>
        <line num="81" count="2" type="stmt"/>
        <line num="82" count="2" type="stmt"/>
        <line num="86" count="267" type="stmt"/>
        <line num="92" count="6" type="stmt"/>
        <line num="93" count="7" type="stmt"/>
        <line num="95" count="7" type="cond" truecount="1" falsecount="0"/>
        <line num="96" count="1" type="stmt"/>
        <line num="100" count="6" type="stmt"/>
        <line num="101" count="6" type="cond" truecount="1" falsecount="0"/>
        <line num="102" count="4" type="stmt"/>
        <line num="105" count="6" type="stmt"/>
        <line num="106" count="6" type="cond" truecount="1" falsecount="0"/>
        <line num="107" count="1" type="stmt"/>
        <line num="110" count="6" type="stmt"/>
        <line num="111" count="6" type="cond" truecount="1" falsecount="0"/>
        <line num="112" count="1" type="stmt"/>
        <line num="115" count="6" type="stmt"/>
        <line num="116" count="6" type="cond" truecount="1" falsecount="0"/>
        <line num="117" count="2" type="stmt"/>
        <line num="120" count="6" type="stmt"/>
        <line num="123" count="6" type="stmt"/>
        <line num="124" count="4" type="stmt"/>
        <line num="126" count="4" type="stmt"/>
        <line num="128" count="4" type="cond" truecount="3" falsecount="0"/>
        <line num="129" count="1" type="stmt"/>
        <line num="132" count="6" type="stmt"/>
        <line num="135" count="3" type="stmt"/>
        <line num="136" count="3" type="cond" truecount="1" falsecount="0"/>
        <line num="137" count="1" type="stmt"/>
        <line num="140" count="3" type="stmt"/>
        <line num="141" count="3" type="cond" truecount="1" falsecount="0"/>
        <line num="142" count="1" type="stmt"/>
        <line num="145" count="3" type="stmt"/>
        <line num="146" count="3" type="cond" truecount="1" falsecount="0"/>
        <line num="147" count="1" type="stmt"/>
        <line num="150" count="3" type="stmt"/>
        <line num="151" count="3" type="cond" truecount="1" falsecount="0"/>
        <line num="152" count="1" type="stmt"/>
        <line num="155" count="3" type="stmt"/>
        <line num="158" count="6" type="stmt"/>
      </file>
      <file name="roomSchema.ts" path="C:\Users\NymAno\Desktop\Projects\AirBnB-3rdParty\express-ts-mongoose-graphql-template-main\src\model\roomSchema.ts">
        <metrics statements="60" coveredstatements="60" conditionals="23" coveredconditionals="23" methods="10" coveredmethods="10"/>
        <line num="1" count="6" type="stmt"/>
        <line num="2" count="6" type="stmt"/>
        <line num="3" count="6" type="stmt"/>
        <line num="5" count="6" type="stmt"/>
        <line num="14" count="6" type="stmt"/>
        <line num="16" count="63" type="cond" truecount="1" falsecount="0"/>
        <line num="18" count="61" type="stmt"/>
        <line num="20" count="61" type="cond" truecount="1" falsecount="0"/>
        <line num="21" count="1" type="stmt"/>
        <line num="23" count="60" type="stmt"/>
        <line num="26" count="6" type="stmt"/>
        <line num="29" count="8" type="stmt"/>
        <line num="31" count="8" type="stmt"/>
        <line num="33" count="8" type="stmt"/>
        <line num="37" count="6" type="stmt"/>
        <line num="40" count="9" type="stmt"/>
        <line num="41" count="9" type="stmt"/>
        <line num="44" count="9" type="stmt"/>
        <line num="45" count="9" type="stmt"/>
        <line num="47" count="9" type="stmt"/>
        <line num="49" count="9" type="cond" truecount="4" falsecount="0"/>
        <line num="50" count="9" type="cond" truecount="1" falsecount="0"/>
        <line num="51" count="4" type="stmt"/>
        <line num="52" count="4" type="cond" truecount="3" falsecount="0"/>
        <line num="53" count="2" type="stmt"/>
        <line num="57" count="7" type="cond" truecount="1" falsecount="0"/>
        <line num="58" count="3" type="stmt"/>
        <line num="59" count="3" type="cond" truecount="1" falsecount="0"/>
        <line num="60" count="1" type="stmt"/>
        <line num="64" count="6" type="stmt"/>
        <line num="65" count="8" type="stmt"/>
        <line num="68" count="6" type="stmt"/>
        <line num="72" count="6" type="stmt"/>
        <line num="73" count="38" type="stmt"/>
        <line num="80" count="6" type="stmt"/>
        <line num="81" count="4" type="stmt"/>
        <line num="87" count="4" type="stmt"/>
        <line num="94" count="6" type="stmt"/>
        <line num="95" count="4" type="stmt"/>
        <line num="96" count="7" type="stmt"/>
        <line num="99" count="4" type="stmt"/>
        <line num="106" count="6" type="stmt"/>
        <line num="108" count="3" type="stmt"/>
        <line num="110" count="3" type="stmt"/>
        <line num="111" count="3" type="cond" truecount="1" falsecount="0"/>
        <line num="112" count="3" type="stmt"/>
        <line num="115" count="3" type="cond" truecount="1" falsecount="0"/>
        <line num="119" count="1" type="stmt"/>
        <line num="125" count="3" type="stmt"/>
        <line num="129" count="6" type="stmt"/>
        <line num="130" count="2" type="stmt"/>
        <line num="132" count="2" type="cond" truecount="4" falsecount="0"/>
        <line num="133" count="2" type="cond" truecount="3" falsecount="0"/>
        <line num="134" count="1" type="stmt"/>
        <line num="135" count="1" type="stmt"/>
        <line num="136" count="2" type="stmt"/>
        <line num="138" count="1" type="stmt"/>
        <line num="143" count="1" type="stmt"/>
        <line num="150" count="6" type="stmt"/>
        <line num="152" count="6" type="stmt"/>
      </file>
    </package>
    <package name="model.test.util">
      <metrics statements="7" coveredstatements="7" conditionals="0" coveredconditionals="0" methods="2" coveredmethods="2"/>
      <file name="guestFaker.ts" path="C:\Users\NymAno\Desktop\Projects\AirBnB-3rdParty\express-ts-mongoose-graphql-template-main\src\model\test\util\guestFaker.ts">
        <metrics statements="3" coveredstatements="3" conditionals="0" coveredconditionals="0" methods="1" coveredmethods="1"/>
        <line num="1" count="1" type="stmt"/>
        <line num="3" count="1" type="stmt"/>
        <line num="4" count="3" type="stmt"/>
      </file>
      <file name="mockHost.ts" path="C:\Users\NymAno\Desktop\Projects\AirBnB-3rdParty\express-ts-mongoose-graphql-template-main\src\model\test\util\mockHost.ts">
        <metrics statements="4" coveredstatements="4" conditionals="0" coveredconditionals="0" methods="1" coveredmethods="1"/>
        <line num="1" count="5" type="stmt"/>
        <line num="3" count="5" type="stmt"/>
        <line num="4" count="176" type="stmt"/>
        <line num="9" count="176" type="stmt"/>
      </file>
    </package>
  </project>
</coverage>
