{"C:\\Users\\NymAno\\Desktop\\Projects\\AirBnB-3rdParty\\express-ts-mongoose-graphql-template-main\\src\\model\\calendarSchema.ts": {"path":"C:\\Users\\NymAno\\Desktop\\Projects\\AirBnB-3rdParty\\express-ts-mongoose-graphql-template-main\\src\\model\\calendarSchema.ts","statementMap":{"0":{"start":{"line":1,"column":0},"end":{"line":1,"column":32}},"1":{"start":{"line":2,"column":0},"end":{"line":2,"column":32}},"2":{"start":{"line":3,"column":0},"end":{"line":3,"column":30}},"3":{"start":{"line":5,"column":23},"end":{"line":9,"column":null}},"4":{"start":{"line":13,"column":0},"end":{"line":35,"column":3}},"5":{"start":{"line":14,"column":21},"end":{"line":14,"column":40}},"6":{"start":{"line":15,"column":17},"end":{"line":15,"column":33}},"7":{"start":{"line":17,"column":19},"end":{"line":17,"column":72}},"8":{"start":{"line":18,"column":3},"end":{"line":18,"column":47}},"9":{"start":{"line":20,"column":2},"end":{"line":32,"column":3}},"10":{"start":{"line":21,"column":4},"end":{"line":31,"column":5}},"11":{"start":{"line":23,"column":24},"end":{"line":23,"column":35}},"12":{"start":{"line":25,"column":6},"end":{"line":30,"column":7}},"13":{"start":{"line":26,"column":27},"end":{"line":26,"column":64}},"14":{"start":{"line":27,"column":8},"end":{"line":29,"column":9}},"15":{"start":{"line":28,"column":10},"end":{"line":28,"column":56}},"16":{"start":{"line":34,"column":2},"end":{"line":34,"column":9}},"17":{"start":{"line":37,"column":0},"end":{"line":41,"column":3}},"18":{"start":{"line":38,"column":2},"end":{"line":39,"column":50}},"19":{"start":{"line":39,"column":4},"end":{"line":39,"column":50}},"20":{"start":{"line":40,"column":2},"end":{"line":40,"column":16}},"21":{"start":{"line":43,"column":0},"end":{"line":45,"column":3}},"22":{"start":{"line":44,"column":2},"end":{"line":44,"column":79}},"23":{"start":{"line":47,"column":0},"end":{"line":57,"column":3}},"24":{"start":{"line":48,"column":2},"end":{"line":54,"column":3}},"25":{"start":{"line":49,"column":4},"end":{"line":53,"column":6}},"26":{"start":{"line":56,"column":2},"end":{"line":56,"column":46}},"27":{"start":{"line":60,"column":0},"end":{"line":74,"column":3}},"28":{"start":{"line":61,"column":2},"end":{"line":73,"column":3}},"29":{"start":{"line":62,"column":22},"end":{"line":62,"column":57}},"30":{"start":{"line":63,"column":28},"end":{"line":63,"column":55}},"31":{"start":{"line":65,"column":4},"end":{"line":69,"column":5}},"32":{"start":{"line":66,"column":6},"end":{"line":68,"column":9}},"33":{"start":{"line":72,"column":4},"end":{"line":72,"column":67}},"34":{"start":{"line":76,"column":0},"end":{"line":76,"column":52}},"35":{"start":{"line":78,"column":0},"end":{"line":78,"column":58}}},"fnMap":{"0":{"name":"(anonymous_1)","decl":{"start":{"line":13,"column":39},"end":{"line":13,"column":44}},"loc":{"start":{"line":13,"column":59},"end":{"line":35,"column":1}}},"1":{"name":"(anonymous_2)","decl":{"start":{"line":37,"column":27},"end":{"line":37,"column":32}},"loc":{"start":{"line":37,"column":47},"end":{"line":41,"column":1}}},"2":{"name":"(anonymous_3)","decl":{"start":{"line":43,"column":28},"end":{"line":43,"column":33}},"loc":{"start":{"line":43,"column":47},"end":{"line":45,"column":1}}},"3":{"name":"(anonymous_4)","decl":{"start":{"line":47,"column":40},"end":{"line":47,"column":45}},"loc":{"start":{"line":47,"column":59},"end":{"line":57,"column":1}}},"4":{"name":"(anonymous_5)","decl":{"start":{"line":60,"column":40},"end":{"line":60,"column":45}},"loc":{"start":{"line":60,"column":59},"end":{"line":74,"column":1}}}},"branchMap":{"0":{"loc":{"start":{"line":20,"column":2},"end":{"line":32,"column":3}},"type":"if","locations":[{"start":{"line":20,"column":2},"end":{"line":32,"column":3}}]},"1":{"loc":{"start":{"line":20,"column":6},"end":{"line":20,"column":68}},"type":"binary-expr","locations":[{"start":{"line":20,"column":6},"end":{"line":20,"column":12}},{"start":{"line":20,"column":16},"end":{"line":20,"column":42}},{"start":{"line":20,"column":46},"end":{"line":20,"column":68}}]},"2":{"loc":{"start":{"line":21,"column":4},"end":{"line":31,"column":5}},"type":"if","locations":[{"start":{"line":21,"column":4},"end":{"line":31,"column":5}}]},"3":{"loc":{"start":{"line":25,"column":6},"end":{"line":30,"column":7}},"type":"if","locations":[{"start":{"line":25,"column":6},"end":{"line":30,"column":7}}]},"4":{"loc":{"start":{"line":27,"column":8},"end":{"line":29,"column":9}},"type":"if","locations":[{"start":{"line":27,"column":8},"end":{"line":29,"column":9}}]},"5":{"loc":{"start":{"line":38,"column":2},"end":{"line":39,"column":50}},"type":"if","locations":[{"start":{"line":38,"column":2},"end":{"line":39,"column":50}}]},"6":{"loc":{"start":{"line":48,"column":2},"end":{"line":54,"column":3}},"type":"if","locations":[{"start":{"line":48,"column":2},"end":{"line":54,"column":3}}]},"7":{"loc":{"start":{"line":61,"column":2},"end":{"line":73,"column":3}},"type":"if","locations":[{"start":{"line":61,"column":2},"end":{"line":73,"column":3}}]},"8":{"loc":{"start":{"line":65,"column":4},"end":{"line":69,"column":5}},"type":"if","locations":[{"start":{"line":65,"column":4},"end":{"line":69,"column":5}}]},"9":{"loc":{"start":{"line":65,"column":8},"end":{"line":65,"column":76}},"type":"binary-expr","locations":[{"start":{"line":65,"column":8},"end":{"line":65,"column":22}},{"start":{"line":65,"column":26},"end":{"line":65,"column":76}}]}},"s":{"0":6,"1":6,"2":6,"3":6,"4":6,"5":2,"6":2,"7":2,"8":2,"9":2,"10":2,"11":2,"12":2,"13":2,"14":2,"15":1,"16":1,"17":6,"18":50,"19":2,"20":48,"21":6,"22":47,"23":6,"24":6,"25":6,"26":6,"27":6,"28":1,"29":1,"30":1,"31":1,"32":1,"33":1,"34":6,"35":6},"f":{"0":2,"1":50,"2":47,"3":6,"4":1},"b":{"0":[2],"1":[2,2,2],"2":[2],"3":[2],"4":[1],"5":[2],"6":[6],"7":[1],"8":[1],"9":[1,1]}}
,"C:\\Users\\NymAno\\Desktop\\Projects\\AirBnB-3rdParty\\express-ts-mongoose-graphql-template-main\\src\\model\\cohostSchema.ts": {"path":"C:\\Users\\NymAno\\Desktop\\Projects\\AirBnB-3rdParty\\express-ts-mongoose-graphql-template-main\\src\\model\\cohostSchema.ts","statementMap":{"0":{"start":{"line":1,"column":0},"end":{"line":1,"column":32}},"1":{"start":{"line":2,"column":0},"end":{"line":2,"column":28}},"2":{"start":{"line":3,"column":0},"end":{"line":3,"column":32}},"3":{"start":{"line":6,"column":20},"end":{"line":6,"column":22}},"4":{"start":{"line":8,"column":21},"end":{"line":24,"column":null}},"5":{"start":{"line":27,"column":0},"end":{"line":35,"column":2}},"6":{"start":{"line":30,"column":18},"end":{"line":30,"column":33}},"7":{"start":{"line":31,"column":5},"end":{"line":31,"column":79}},"8":{"start":{"line":33,"column":4},"end":{"line":33,"column":18}},"9":{"start":{"line":37,"column":0},"end":{"line":45,"column":3}},"10":{"start":{"line":39,"column":27},"end":{"line":39,"column":64}},"11":{"start":{"line":41,"column":2},"end":{"line":42,"column":69}},"12":{"start":{"line":42,"column":4},"end":{"line":42,"column":69}},"13":{"start":{"line":44,"column":2},"end":{"line":44,"column":16}},"14":{"start":{"line":47,"column":0},"end":{"line":81,"column":2}},"15":{"start":{"line":50,"column":18},"end":{"line":50,"column":33}},"16":{"start":{"line":51,"column":19},"end":{"line":51,"column":35}},"17":{"start":{"line":53,"column":5},"end":{"line":53,"column":79}},"18":{"start":{"line":55,"column":4},"end":{"line":77,"column":5}},"19":{"start":{"line":56,"column":6},"end":{"line":62,"column":7}},"20":{"start":{"line":58,"column":33},"end":{"line":58,"column":70}},"21":{"start":{"line":60,"column":8},"end":{"line":61,"column":75}},"22":{"start":{"line":61,"column":10},"end":{"line":61,"column":75}},"23":{"start":{"line":64,"column":6},"end":{"line":66,"column":7}},"24":{"start":{"line":65,"column":8},"end":{"line":65,"column":50}},"25":{"start":{"line":68,"column":6},"end":{"line":71,"column":7}},"26":{"start":{"line":69,"column":21},"end":{"line":69,"column":54}},"27":{"start":{"line":70,"column":8},"end":{"line":70,"column":67}},"28":{"start":{"line":73,"column":6},"end":{"line":76,"column":7}},"29":{"start":{"line":74,"column":8},"end":{"line":75,"column":56}},"30":{"start":{"line":75,"column":10},"end":{"line":75,"column":56}},"31":{"start":{"line":79,"column":4},"end":{"line":79,"column":18}},"32":{"start":{"line":83,"column":0},"end":{"line":88,"column":3}},"33":{"start":{"line":85,"column":2},"end":{"line":85,"column":47}},"34":{"start":{"line":87,"column":2},"end":{"line":87,"column":16}},"35":{"start":{"line":90,"column":0},"end":{"line":100,"column":3}},"36":{"start":{"line":91,"column":2},"end":{"line":92,"column":50}},"37":{"start":{"line":92,"column":4},"end":{"line":92,"column":50}},"38":{"start":{"line":94,"column":2},"end":{"line":94,"column":50}},"39":{"start":{"line":94,"column":36},"end":{"line":94,"column":50}},"40":{"start":{"line":96,"column":15},"end":{"line":96,"column":48}},"41":{"start":{"line":97,"column":2},"end":{"line":97,"column":57}},"42":{"start":{"line":99,"column":2},"end":{"line":99,"column":16}},"43":{"start":{"line":103,"column":0},"end":{"line":105,"column":3}},"44":{"start":{"line":104,"column":2},"end":{"line":104,"column":74}},"45":{"start":{"line":107,"column":0},"end":{"line":116,"column":3}},"46":{"start":{"line":108,"column":21},"end":{"line":109,"column":null}},"47":{"start":{"line":109,"column":21},"end":{"line":109,"column":31}},"48":{"start":{"line":112,"column":2},"end":{"line":115,"column":4}},"49":{"start":{"line":120,"column":0},"end":{"line":126,"column":3}},"50":{"start":{"line":121,"column":2},"end":{"line":121,"column":78}},"51":{"start":{"line":122,"column":2},"end":{"line":125,"column":4}},"52":{"start":{"line":128,"column":0},"end":{"line":150,"column":3}},"53":{"start":{"line":129,"column":17},"end":{"line":129,"column":33}},"54":{"start":{"line":132,"column":2},"end":{"line":132,"column":42}},"55":{"start":{"line":132,"column":35},"end":{"line":132,"column":42}},"56":{"start":{"line":134,"column":21},"end":{"line":134,"column":45}},"57":{"start":{"line":135,"column":29},"end":{"line":136,"column":null}},"58":{"start":{"line":136,"column":21},"end":{"line":136,"column":31}},"59":{"start":{"line":140,"column":2},"end":{"line":143,"column":4}},"60":{"start":{"line":146,"column":2},"end":{"line":149,"column":4}},"61":{"start":{"line":153,"column":0},"end":{"line":159,"column":3}},"62":{"start":{"line":154,"column":2},"end":{"line":158,"column":4}},"63":{"start":{"line":161,"column":0},"end":{"line":161,"column":58}},"64":{"start":{"line":163,"column":0},"end":{"line":163,"column":54}}},"fnMap":{"0":{"name":"(anonymous_1)","decl":{"start":{"line":29,"column":2},"end":{"line":29,"column":7}},"loc":{"start":{"line":29,"column":22},"end":{"line":34,"column":3}}},"1":{"name":"(anonymous_2)","decl":{"start":{"line":37,"column":29},"end":{"line":37,"column":39}},"loc":{"start":{"line":37,"column":43},"end":{"line":45,"column":1}}},"2":{"name":"(anonymous_3)","decl":{"start":{"line":49,"column":2},"end":{"line":49,"column":7}},"loc":{"start":{"line":49,"column":22},"end":{"line":80,"column":3}}},"3":{"name":"(anonymous_4)","decl":{"start":{"line":83,"column":25},"end":{"line":83,"column":35}},"loc":{"start":{"line":83,"column":39},"end":{"line":88,"column":1}}},"4":{"name":"(anonymous_5)","decl":{"start":{"line":90,"column":25},"end":{"line":90,"column":30}},"loc":{"start":{"line":90,"column":45},"end":{"line":100,"column":1}}},"5":{"name":"(anonymous_6)","decl":{"start":{"line":103,"column":38},"end":{"line":103,"column":43}},"loc":{"start":{"line":103,"column":57},"end":{"line":105,"column":1}}},"6":{"name":"(anonymous_7)","decl":{"start":{"line":107,"column":32},"end":{"line":107,"column":37}},"loc":{"start":{"line":107,"column":51},"end":{"line":116,"column":1}}},"7":{"name":"(anonymous_8)","decl":{"start":{"line":109,"column":4},"end":{"line":109,"column":5}},"loc":{"start":{"line":109,"column":21},"end":{"line":109,"column":31}}},"8":{"name":"(anonymous_9)","decl":{"start":{"line":120,"column":38},"end":{"line":120,"column":43}},"loc":{"start":{"line":120,"column":57},"end":{"line":126,"column":1}}},"9":{"name":"(anonymous_10)","decl":{"start":{"line":128,"column":32},"end":{"line":128,"column":37}},"loc":{"start":{"line":128,"column":37},"end":{"line":150,"column":1}}},"10":{"name":"(anonymous_11)","decl":{"start":{"line":136,"column":4},"end":{"line":136,"column":5}},"loc":{"start":{"line":136,"column":21},"end":{"line":136,"column":31}}},"11":{"name":"(anonymous_12)","decl":{"start":{"line":153,"column":26},"end":{"line":153,"column":31}},"loc":{"start":{"line":153,"column":45},"end":{"line":159,"column":1}}}},"branchMap":{"0":{"loc":{"start":{"line":41,"column":2},"end":{"line":42,"column":69}},"type":"if","locations":[{"start":{"line":41,"column":2},"end":{"line":42,"column":69}}]},"1":{"loc":{"start":{"line":55,"column":4},"end":{"line":77,"column":5}},"type":"if","locations":[{"start":{"line":55,"column":4},"end":{"line":77,"column":5}}]},"2":{"loc":{"start":{"line":55,"column":8},"end":{"line":55,"column":70}},"type":"binary-expr","locations":[{"start":{"line":55,"column":8},"end":{"line":55,"column":14}},{"start":{"line":55,"column":18},"end":{"line":55,"column":44}},{"start":{"line":55,"column":48},"end":{"line":55,"column":70}}]},"3":{"loc":{"start":{"line":56,"column":6},"end":{"line":62,"column":7}},"type":"if","locations":[{"start":{"line":56,"column":6},"end":{"line":62,"column":7}}]},"4":{"loc":{"start":{"line":60,"column":8},"end":{"line":61,"column":75}},"type":"if","locations":[{"start":{"line":60,"column":8},"end":{"line":61,"column":75}}]},"5":{"loc":{"start":{"line":64,"column":6},"end":{"line":66,"column":7}},"type":"if","locations":[{"start":{"line":64,"column":6},"end":{"line":66,"column":7}}]},"6":{"loc":{"start":{"line":68,"column":6},"end":{"line":71,"column":7}},"type":"if","locations":[{"start":{"line":68,"column":6},"end":{"line":71,"column":7}}]},"7":{"loc":{"start":{"line":73,"column":6},"end":{"line":76,"column":7}},"type":"if","locations":[{"start":{"line":73,"column":6},"end":{"line":76,"column":7}}]},"8":{"loc":{"start":{"line":74,"column":8},"end":{"line":75,"column":56}},"type":"if","locations":[{"start":{"line":74,"column":8},"end":{"line":75,"column":56}}]},"9":{"loc":{"start":{"line":91,"column":2},"end":{"line":92,"column":50}},"type":"if","locations":[{"start":{"line":91,"column":2},"end":{"line":92,"column":50}}]},"10":{"loc":{"start":{"line":94,"column":2},"end":{"line":94,"column":50}},"type":"if","locations":[{"start":{"line":94,"column":2},"end":{"line":94,"column":50}}]},"11":{"loc":{"start":{"line":132,"column":2},"end":{"line":132,"column":42}},"type":"if","locations":[{"start":{"line":132,"column":2},"end":{"line":132,"column":42}}]}},"s":{"0":6,"1":6,"2":6,"3":6,"4":6,"5":6,"6":8,"7":8,"8":8,"9":6,"10":62,"11":62,"12":2,"13":60,"14":6,"15":15,"16":15,"17":15,"18":15,"19":15,"20":3,"21":3,"22":1,"23":14,"24":3,"25":14,"26":2,"27":2,"28":14,"29":5,"30":3,"31":11,"32":6,"33":55,"34":55,"35":6,"36":55,"37":2,"38":53,"39":1,"40":52,"41":52,"42":52,"43":6,"44":3,"45":6,"46":5,"47":9,"48":5,"49":6,"50":6,"51":6,"52":6,"53":4,"54":4,"55":1,"56":3,"57":3,"58":9,"59":3,"60":3,"61":6,"62":53,"63":6,"64":6},"f":{"0":8,"1":62,"2":15,"3":55,"4":55,"5":3,"6":5,"7":9,"8":6,"9":4,"10":9,"11":53},"b":{"0":[2],"1":[15],"2":[15,15,15],"3":[3],"4":[1],"5":[3],"6":[2],"7":[5],"8":[3],"9":[2],"10":[1],"11":[1]}}
,"C:\\Users\\NymAno\\Desktop\\Projects\\AirBnB-3rdParty\\express-ts-mongoose-graphql-template-main\\src\\model\\daySchema.ts": {"path":"C:\\Users\\NymAno\\Desktop\\Projects\\AirBnB-3rdParty\\express-ts-mongoose-graphql-template-main\\src\\model\\daySchema.ts","statementMap":{"0":{"start":{"line":1,"column":0},"end":{"line":1,"column":32}},"1":{"start":{"line":3,"column":18},"end":{"line":16,"column":null}},"2":{"start":{"line":19,"column":0},"end":{"line":19,"column":62}},"3":{"start":{"line":20,"column":0},"end":{"line":20,"column":33}},"4":{"start":{"line":21,"column":0},"end":{"line":21,"column":34}},"5":{"start":{"line":23,"column":0},"end":{"line":28,"column":3}},"6":{"start":{"line":24,"column":2},"end":{"line":26,"column":3}},"7":{"start":{"line":25,"column":4},"end":{"line":25,"column":58}},"8":{"start":{"line":27,"column":2},"end":{"line":27,"column":9}},"9":{"start":{"line":30,"column":0},"end":{"line":56,"column":2}},"10":{"start":{"line":33,"column":18},"end":{"line":33,"column":37}},"11":{"start":{"line":34,"column":22},"end":{"line":34,"column":38}},"12":{"start":{"line":35,"column":16},"end":{"line":35,"column":59}},"13":{"start":{"line":37,"column":4},"end":{"line":54,"column":5}},"14":{"start":{"line":42,"column":6},"end":{"line":47,"column":7}},"15":{"start":{"line":43,"column":8},"end":{"line":46,"column":12}},"16":{"start":{"line":44,"column":10},"end":{"line":46,"column":12}},"17":{"start":{"line":49,"column":6},"end":{"line":53,"column":7}},"18":{"start":{"line":50,"column":8},"end":{"line":52,"column":9}},"19":{"start":{"line":51,"column":10},"end":{"line":51,"column":64}},"20":{"start":{"line":58,"column":0},"end":{"line":69,"column":3}},"21":{"start":{"line":59,"column":2},"end":{"line":61,"column":3}},"22":{"start":{"line":60,"column":4},"end":{"line":60,"column":60}},"23":{"start":{"line":63,"column":2},"end":{"line":67,"column":3}},"24":{"start":{"line":64,"column":4},"end":{"line":66,"column":6}},"25":{"start":{"line":68,"column":2},"end":{"line":68,"column":9}},"26":{"start":{"line":71,"column":0},"end":{"line":71,"column":48}}},"fnMap":{"0":{"name":"(anonymous_1)","decl":{"start":{"line":23,"column":26},"end":{"line":23,"column":36}},"loc":{"start":{"line":23,"column":40},"end":{"line":28,"column":1}}},"1":{"name":"(anonymous_2)","decl":{"start":{"line":32,"column":2},"end":{"line":32,"column":7}},"loc":{"start":{"line":32,"column":22},"end":{"line":55,"column":3}}},"2":{"name":"(anonymous_3)","decl":{"start":{"line":58,"column":22},"end":{"line":58,"column":32}},"loc":{"start":{"line":58,"column":36},"end":{"line":69,"column":1}}}},"branchMap":{"0":{"loc":{"start":{"line":24,"column":2},"end":{"line":26,"column":3}},"type":"if","locations":[{"start":{"line":24,"column":2},"end":{"line":26,"column":3}}]},"1":{"loc":{"start":{"line":37,"column":4},"end":{"line":54,"column":5}},"type":"if","locations":[{"start":{"line":37,"column":4},"end":{"line":54,"column":5}}]},"2":{"loc":{"start":{"line":38,"column":6},"end":{"line":40,"column":31}},"type":"binary-expr","locations":[{"start":{"line":38,"column":6},"end":{"line":38,"column":15}},{"start":{"line":39,"column":6},"end":{"line":39,"column":35}},{"start":{"line":40,"column":6},"end":{"line":40,"column":31}}]},"3":{"loc":{"start":{"line":42,"column":6},"end":{"line":47,"column":7}},"type":"if","locations":[{"start":{"line":42,"column":6},"end":{"line":47,"column":7}}]},"4":{"loc":{"start":{"line":42,"column":10},"end":{"line":42,"column":53}},"type":"binary-expr","locations":[{"start":{"line":42,"column":10},"end":{"line":42,"column":30}},{"start":{"line":42,"column":34},"end":{"line":42,"column":53}}]},"5":{"loc":{"start":{"line":43,"column":8},"end":{"line":46,"column":12}},"type":"if","locations":[{"start":{"line":43,"column":8},"end":{"line":46,"column":12}}]},"6":{"loc":{"start":{"line":49,"column":6},"end":{"line":53,"column":7}},"type":"if","locations":[{"start":{"line":49,"column":6},"end":{"line":53,"column":7}}]},"7":{"loc":{"start":{"line":50,"column":8},"end":{"line":52,"column":9}},"type":"if","locations":[{"start":{"line":50,"column":8},"end":{"line":52,"column":9}}]},"8":{"loc":{"start":{"line":59,"column":2},"end":{"line":61,"column":3}},"type":"if","locations":[{"start":{"line":59,"column":2},"end":{"line":61,"column":3}}]},"9":{"loc":{"start":{"line":63,"column":2},"end":{"line":67,"column":3}},"type":"if","locations":[{"start":{"line":63,"column":2},"end":{"line":67,"column":3}}]},"10":{"loc":{"start":{"line":63,"column":6},"end":{"line":63,"column":49}},"type":"binary-expr","locations":[{"start":{"line":63,"column":6},"end":{"line":63,"column":20}},{"start":{"line":63,"column":25},"end":{"line":63,"column":35}},{"start":{"line":63,"column":39},"end":{"line":63,"column":48}}]}},"s":{"0":6,"1":6,"2":6,"3":6,"4":6,"5":6,"6":76,"7":2,"8":74,"9":6,"10":20,"11":20,"12":20,"13":20,"14":20,"15":1,"16":1,"17":19,"18":2,"19":1,"20":6,"21":72,"22":72,"23":72,"24":4,"25":68,"26":6},"f":{"0":76,"1":20,"2":72},"b":{"0":[2],"1":[20],"2":[20,20,20],"3":[1],"4":[20,19],"5":[1],"6":[2],"7":[1],"8":[72],"9":[4],"10":[72,6,4]}}
,"C:\\Users\\NymAno\\Desktop\\Projects\\AirBnB-3rdParty\\express-ts-mongoose-graphql-template-main\\src\\model\\guestSchema.ts": {"path":"C:\\Users\\NymAno\\Desktop\\Projects\\AirBnB-3rdParty\\express-ts-mongoose-graphql-template-main\\src\\model\\guestSchema.ts","statementMap":{"0":{"start":{"line":1,"column":0},"end":{"line":1,"column":32}},"1":{"start":{"line":2,"column":0},"end":{"line":2,"column":76}},"2":{"start":{"line":3,"column":0},"end":{"line":3,"column":32}},"3":{"start":{"line":4,"column":0},"end":{"line":4,"column":30}},"4":{"start":{"line":6,"column":20},"end":{"line":19,"column":null}},"5":{"start":{"line":22,"column":0},"end":{"line":27,"column":3}},"6":{"start":{"line":23,"column":16},"end":{"line":23,"column":31}},"7":{"start":{"line":24,"column":3},"end":{"line":24,"column":79}},"8":{"start":{"line":26,"column":2},"end":{"line":26,"column":16}},"9":{"start":{"line":29,"column":0},"end":{"line":41,"column":3}},"10":{"start":{"line":31,"column":2},"end":{"line":32,"column":57}},"11":{"start":{"line":32,"column":4},"end":{"line":32,"column":57}},"12":{"start":{"line":35,"column":27},"end":{"line":35,"column":64}},"13":{"start":{"line":37,"column":2},"end":{"line":38,"column":69}},"14":{"start":{"line":38,"column":4},"end":{"line":38,"column":69}},"15":{"start":{"line":40,"column":2},"end":{"line":40,"column":16}},"16":{"start":{"line":43,"column":0},"end":{"line":90,"column":2}},"17":{"start":{"line":46,"column":18},"end":{"line":46,"column":33}},"18":{"start":{"line":47,"column":19},"end":{"line":47,"column":35}},"19":{"start":{"line":49,"column":5},"end":{"line":49,"column":77}},"20":{"start":{"line":51,"column":4},"end":{"line":86,"column":5}},"21":{"start":{"line":52,"column":6},"end":{"line":62,"column":7}},"22":{"start":{"line":54,"column":8},"end":{"line":61,"column":9}},"23":{"start":{"line":55,"column":30},"end":{"line":55,"column":66}},"24":{"start":{"line":56,"column":10},"end":{"line":58,"column":11}},"25":{"start":{"line":57,"column":12},"end":{"line":57,"column":56}},"26":{"start":{"line":60,"column":10},"end":{"line":60,"column":57}},"27":{"start":{"line":65,"column":6},"end":{"line":68,"column":7}},"28":{"start":{"line":66,"column":8},"end":{"line":67,"column":63}},"29":{"start":{"line":67,"column":10},"end":{"line":67,"column":63}},"30":{"start":{"line":70,"column":6},"end":{"line":76,"column":7}},"31":{"start":{"line":72,"column":33},"end":{"line":72,"column":70}},"32":{"start":{"line":74,"column":8},"end":{"line":75,"column":75}},"33":{"start":{"line":75,"column":10},"end":{"line":75,"column":75}},"34":{"start":{"line":78,"column":6},"end":{"line":80,"column":7}},"35":{"start":{"line":79,"column":8},"end":{"line":79,"column":50}},"36":{"start":{"line":82,"column":6},"end":{"line":85,"column":7}},"37":{"start":{"line":83,"column":8},"end":{"line":84,"column":56}},"38":{"start":{"line":84,"column":10},"end":{"line":84,"column":56}},"39":{"start":{"line":88,"column":4},"end":{"line":88,"column":18}},"40":{"start":{"line":92,"column":0},"end":{"line":110,"column":3}},"41":{"start":{"line":94,"column":2},"end":{"line":94,"column":43}},"42":{"start":{"line":94,"column":27},"end":{"line":94,"column":43}},"43":{"start":{"line":97,"column":2},"end":{"line":104,"column":3}},"44":{"start":{"line":98,"column":24},"end":{"line":98,"column":58}},"45":{"start":{"line":99,"column":4},"end":{"line":101,"column":5}},"46":{"start":{"line":100,"column":6},"end":{"line":100,"column":48}},"47":{"start":{"line":103,"column":4},"end":{"line":103,"column":51}},"48":{"start":{"line":107,"column":2},"end":{"line":107,"column":47}},"49":{"start":{"line":109,"column":2},"end":{"line":109,"column":16}},"50":{"start":{"line":112,"column":0},"end":{"line":117,"column":3}},"51":{"start":{"line":113,"column":2},"end":{"line":114,"column":50}},"52":{"start":{"line":114,"column":4},"end":{"line":114,"column":50}},"53":{"start":{"line":116,"column":2},"end":{"line":116,"column":14}},"54":{"start":{"line":119,"column":0},"end":{"line":125,"column":3}},"55":{"start":{"line":120,"column":2},"end":{"line":124,"column":4}},"56":{"start":{"line":127,"column":0},"end":{"line":133,"column":3}},"57":{"start":{"line":128,"column":2},"end":{"line":128,"column":77}},"58":{"start":{"line":129,"column":2},"end":{"line":132,"column":4}},"59":{"start":{"line":135,"column":0},"end":{"line":156,"column":3}},"60":{"start":{"line":136,"column":17},"end":{"line":136,"column":33}},"61":{"start":{"line":138,"column":2},"end":{"line":155,"column":3}},"62":{"start":{"line":139,"column":23},"end":{"line":139,"column":47}},"63":{"start":{"line":140,"column":30},"end":{"line":141,"column":null}},"64":{"start":{"line":141,"column":22},"end":{"line":141,"column":31}},"65":{"start":{"line":145,"column":4},"end":{"line":148,"column":6}},"66":{"start":{"line":151,"column":4},"end":{"line":154,"column":6}},"67":{"start":{"line":158,"column":0},"end":{"line":170,"column":3}},"68":{"start":{"line":159,"column":2},"end":{"line":163,"column":4}},"69":{"start":{"line":165,"column":2},"end":{"line":169,"column":4}},"70":{"start":{"line":172,"column":0},"end":{"line":183,"column":3}},"71":{"start":{"line":174,"column":31},"end":{"line":175,"column":null}},"72":{"start":{"line":175,"column":20},"end":{"line":175,"column":29}},"73":{"start":{"line":178,"column":2},"end":{"line":182,"column":4}},"74":{"start":{"line":185,"column":0},"end":{"line":185,"column":59}},"75":{"start":{"line":186,"column":0},"end":{"line":186,"column":59}},"76":{"start":{"line":187,"column":0},"end":{"line":187,"column":36}},"77":{"start":{"line":188,"column":0},"end":{"line":188,"column":50}},"78":{"start":{"line":190,"column":0},"end":{"line":190,"column":52}}},"fnMap":{"0":{"name":"(anonymous_10)","decl":{"start":{"line":22,"column":30},"end":{"line":22,"column":35}},"loc":{"start":{"line":22,"column":50},"end":{"line":27,"column":1}}},"1":{"name":"(anonymous_11)","decl":{"start":{"line":29,"column":28},"end":{"line":29,"column":38}},"loc":{"start":{"line":29,"column":42},"end":{"line":41,"column":1}}},"2":{"name":"(anonymous_12)","decl":{"start":{"line":45,"column":2},"end":{"line":45,"column":7}},"loc":{"start":{"line":45,"column":22},"end":{"line":89,"column":3}}},"3":{"name":"(anonymous_13)","decl":{"start":{"line":92,"column":24},"end":{"line":92,"column":34}},"loc":{"start":{"line":92,"column":38},"end":{"line":110,"column":1}}},"4":{"name":"(anonymous_14)","decl":{"start":{"line":112,"column":24},"end":{"line":112,"column":29}},"loc":{"start":{"line":112,"column":44},"end":{"line":117,"column":1}}},"5":{"name":"(anonymous_15)","decl":{"start":{"line":119,"column":25},"end":{"line":119,"column":30}},"loc":{"start":{"line":119,"column":44},"end":{"line":125,"column":1}}},"6":{"name":"(anonymous_16)","decl":{"start":{"line":127,"column":37},"end":{"line":127,"column":42}},"loc":{"start":{"line":127,"column":56},"end":{"line":133,"column":1}}},"7":{"name":"(anonymous_17)","decl":{"start":{"line":135,"column":31},"end":{"line":135,"column":36}},"loc":{"start":{"line":135,"column":36},"end":{"line":156,"column":1}}},"8":{"name":"(anonymous_18)","decl":{"start":{"line":141,"column":6},"end":{"line":141,"column":7}},"loc":{"start":{"line":141,"column":22},"end":{"line":141,"column":31}}},"9":{"name":"(anonymous_19)","decl":{"start":{"line":158,"column":37},"end":{"line":158,"column":42}},"loc":{"start":{"line":158,"column":56},"end":{"line":170,"column":1}}},"10":{"name":"(anonymous_20)","decl":{"start":{"line":172,"column":31},"end":{"line":172,"column":36}},"loc":{"start":{"line":172,"column":50},"end":{"line":183,"column":1}}},"11":{"name":"(anonymous_21)","decl":{"start":{"line":175,"column":4},"end":{"line":175,"column":5}},"loc":{"start":{"line":175,"column":20},"end":{"line":175,"column":29}}}},"branchMap":{"0":{"loc":{"start":{"line":31,"column":2},"end":{"line":32,"column":57}},"type":"if","locations":[{"start":{"line":31,"column":2},"end":{"line":32,"column":57}}]},"1":{"loc":{"start":{"line":37,"column":2},"end":{"line":38,"column":69}},"type":"if","locations":[{"start":{"line":37,"column":2},"end":{"line":38,"column":69}}]},"2":{"loc":{"start":{"line":51,"column":4},"end":{"line":86,"column":5}},"type":"if","locations":[{"start":{"line":51,"column":4},"end":{"line":86,"column":5}}]},"3":{"loc":{"start":{"line":51,"column":8},"end":{"line":51,"column":70}},"type":"binary-expr","locations":[{"start":{"line":51,"column":8},"end":{"line":51,"column":14}},{"start":{"line":51,"column":18},"end":{"line":51,"column":44}},{"start":{"line":51,"column":48},"end":{"line":51,"column":70}}]},"4":{"loc":{"start":{"line":52,"column":6},"end":{"line":62,"column":7}},"type":"if","locations":[{"start":{"line":52,"column":6},"end":{"line":62,"column":7}}]},"5":{"loc":{"start":{"line":54,"column":8},"end":{"line":61,"column":9}},"type":"if","locations":[{"start":{"line":54,"column":8},"end":{"line":61,"column":9}},{"start":{"line":59,"column":15},"end":{"line":61,"column":9}}]},"6":{"loc":{"start":{"line":56,"column":10},"end":{"line":58,"column":11}},"type":"if","locations":[{"start":{"line":56,"column":10},"end":{"line":58,"column":11}}]},"7":{"loc":{"start":{"line":56,"column":14},"end":{"line":56,"column":41}},"type":"binary-expr","locations":[{"start":{"line":56,"column":14},"end":{"line":56,"column":26}},{"start":{"line":56,"column":30},"end":{"line":56,"column":41}}]},"8":{"loc":{"start":{"line":65,"column":6},"end":{"line":68,"column":7}},"type":"if","locations":[{"start":{"line":65,"column":6},"end":{"line":68,"column":7}}]},"9":{"loc":{"start":{"line":66,"column":8},"end":{"line":67,"column":63}},"type":"if","locations":[{"start":{"line":66,"column":8},"end":{"line":67,"column":63}}]},"10":{"loc":{"start":{"line":70,"column":6},"end":{"line":76,"column":7}},"type":"if","locations":[{"start":{"line":70,"column":6},"end":{"line":76,"column":7}}]},"11":{"loc":{"start":{"line":74,"column":8},"end":{"line":75,"column":75}},"type":"if","locations":[{"start":{"line":74,"column":8},"end":{"line":75,"column":75}}]},"12":{"loc":{"start":{"line":78,"column":6},"end":{"line":80,"column":7}},"type":"if","locations":[{"start":{"line":78,"column":6},"end":{"line":80,"column":7}}]},"13":{"loc":{"start":{"line":82,"column":6},"end":{"line":85,"column":7}},"type":"if","locations":[{"start":{"line":82,"column":6},"end":{"line":85,"column":7}}]},"14":{"loc":{"start":{"line":83,"column":8},"end":{"line":84,"column":56}},"type":"if","locations":[{"start":{"line":83,"column":8},"end":{"line":84,"column":56}}]},"15":{"loc":{"start":{"line":94,"column":2},"end":{"line":94,"column":43}},"type":"if","locations":[{"start":{"line":94,"column":2},"end":{"line":94,"column":43}}]},"16":{"loc":{"start":{"line":97,"column":2},"end":{"line":104,"column":3}},"type":"if","locations":[{"start":{"line":97,"column":2},"end":{"line":104,"column":3}},{"start":{"line":102,"column":9},"end":{"line":104,"column":3}}]},"17":{"loc":{"start":{"line":99,"column":4},"end":{"line":101,"column":5}},"type":"if","locations":[{"start":{"line":99,"column":4},"end":{"line":101,"column":5}}]},"18":{"loc":{"start":{"line":99,"column":8},"end":{"line":99,"column":33}},"type":"binary-expr","locations":[{"start":{"line":99,"column":8},"end":{"line":99,"column":18}},{"start":{"line":99,"column":22},"end":{"line":99,"column":33}}]},"19":{"loc":{"start":{"line":113,"column":2},"end":{"line":114,"column":50}},"type":"if","locations":[{"start":{"line":113,"column":2},"end":{"line":114,"column":50}}]},"20":{"loc":{"start":{"line":138,"column":2},"end":{"line":155,"column":3}},"type":"if","locations":[{"start":{"line":138,"column":2},"end":{"line":155,"column":3}}]}},"s":{"0":6,"1":6,"2":6,"3":6,"4":6,"5":6,"6":4,"7":4,"8":4,"9":6,"10":97,"11":4,"12":93,"13":93,"14":1,"15":92,"16":6,"17":13,"18":13,"19":13,"20":13,"21":13,"22":3,"23":1,"24":1,"25":1,"26":2,"27":11,"28":1,"29":1,"30":10,"31":2,"32":2,"33":1,"34":9,"35":2,"36":9,"37":1,"38":1,"39":8,"40":6,"41":72,"42":1,"43":72,"44":71,"45":71,"46":71,"47":1,"48":71,"49":71,"50":6,"51":71,"52":1,"53":70,"54":6,"55":66,"56":6,"57":3,"58":3,"59":6,"60":4,"61":4,"62":2,"63":2,"64":3,"65":2,"66":2,"67":6,"68":3,"69":3,"70":6,"71":4,"72":7,"73":4,"74":6,"75":6,"76":6,"77":6,"78":6},"f":{"0":4,"1":97,"2":13,"3":72,"4":71,"5":66,"6":3,"7":4,"8":3,"9":3,"10":4,"11":7},"b":{"0":[4],"1":[1],"2":[13],"3":[13,13,13],"4":[3],"5":[1,2],"6":[1],"7":[1,1],"8":[1],"9":[1],"10":[2],"11":[1],"12":[2],"13":[1],"14":[1],"15":[1],"16":[71,1],"17":[71],"18":[71,71],"19":[1],"20":[2]}}
,"C:\\Users\\NymAno\\Desktop\\Projects\\AirBnB-3rdParty\\express-ts-mongoose-graphql-template-main\\src\\model\\hostSchema.ts": {"path":"C:\\Users\\NymAno\\Desktop\\Projects\\AirBnB-3rdParty\\express-ts-mongoose-graphql-template-main\\src\\model\\hostSchema.ts","statementMap":{"0":{"start":{"line":1,"column":0},"end":{"line":1,"column":32}},"1":{"start":{"line":2,"column":0},"end":{"line":2,"column":32}},"2":{"start":{"line":3,"column":0},"end":{"line":3,"column":40}},"3":{"start":{"line":4,"column":0},"end":{"line":4,"column":34}},"4":{"start":{"line":5,"column":0},"end":{"line":5,"column":36}},"5":{"start":{"line":6,"column":0},"end":{"line":6,"column":28}},"6":{"start":{"line":8,"column":20},"end":{"line":8,"column":22}},"7":{"start":{"line":10,"column":19},"end":{"line":25,"column":null}},"8":{"start":{"line":28,"column":0},"end":{"line":28,"column":31}},"9":{"start":{"line":30,"column":0},"end":{"line":38,"column":3}},"10":{"start":{"line":32,"column":27},"end":{"line":32,"column":64}},"11":{"start":{"line":34,"column":2},"end":{"line":35,"column":69}},"12":{"start":{"line":35,"column":4},"end":{"line":35,"column":69}},"13":{"start":{"line":37,"column":2},"end":{"line":37,"column":16}},"14":{"start":{"line":42,"column":0},"end":{"line":47,"column":3}},"15":{"start":{"line":44,"column":2},"end":{"line":44,"column":47}},"16":{"start":{"line":46,"column":2},"end":{"line":46,"column":16}},"17":{"start":{"line":49,"column":0},"end":{"line":56,"column":3}},"18":{"start":{"line":50,"column":2},"end":{"line":50,"column":50}},"19":{"start":{"line":50,"column":36},"end":{"line":50,"column":50}},"20":{"start":{"line":52,"column":15},"end":{"line":52,"column":48}},"21":{"start":{"line":53,"column":2},"end":{"line":53,"column":57}},"22":{"start":{"line":55,"column":2},"end":{"line":55,"column":16}},"23":{"start":{"line":62,"column":0},"end":{"line":88,"column":2}},"24":{"start":{"line":65,"column":19},"end":{"line":65,"column":35}},"25":{"start":{"line":67,"column":4},"end":{"line":84,"column":5}},"26":{"start":{"line":68,"column":6},"end":{"line":74,"column":7}},"27":{"start":{"line":70,"column":33},"end":{"line":70,"column":70}},"28":{"start":{"line":72,"column":8},"end":{"line":73,"column":75}},"29":{"start":{"line":73,"column":10},"end":{"line":73,"column":75}},"30":{"start":{"line":76,"column":6},"end":{"line":78,"column":7}},"31":{"start":{"line":77,"column":8},"end":{"line":77,"column":50}},"32":{"start":{"line":80,"column":6},"end":{"line":83,"column":7}},"33":{"start":{"line":81,"column":21},"end":{"line":81,"column":54}},"34":{"start":{"line":82,"column":8},"end":{"line":82,"column":67}},"35":{"start":{"line":86,"column":4},"end":{"line":86,"column":18}},"36":{"start":{"line":92,"column":0},"end":{"line":121,"column":3}},"37":{"start":{"line":93,"column":17},"end":{"line":93,"column":36}},"38":{"start":{"line":95,"column":2},"end":{"line":97,"column":3}},"39":{"start":{"line":96,"column":4},"end":{"line":96,"column":62}},"40":{"start":{"line":100,"column":25},"end":{"line":100,"column":64}},"41":{"start":{"line":101,"column":2},"end":{"line":103,"column":3}},"42":{"start":{"line":102,"column":4},"end":{"line":102,"column":54}},"43":{"start":{"line":105,"column":21},"end":{"line":105,"column":56}},"44":{"start":{"line":106,"column":2},"end":{"line":108,"column":3}},"45":{"start":{"line":107,"column":4},"end":{"line":107,"column":44}},"46":{"start":{"line":110,"column":22},"end":{"line":110,"column":58}},"47":{"start":{"line":111,"column":2},"end":{"line":113,"column":3}},"48":{"start":{"line":112,"column":4},"end":{"line":112,"column":45}},"49":{"start":{"line":115,"column":23},"end":{"line":115,"column":60}},"50":{"start":{"line":116,"column":2},"end":{"line":118,"column":3}},"51":{"start":{"line":117,"column":4},"end":{"line":117,"column":46}},"52":{"start":{"line":120,"column":2},"end":{"line":120,"column":9}},"53":{"start":{"line":123,"column":0},"end":{"line":156,"column":3}},"54":{"start":{"line":124,"column":16},"end":{"line":124,"column":31}},"55":{"start":{"line":126,"column":16},"end":{"line":126,"column":56}},"56":{"start":{"line":128,"column":2},"end":{"line":130,"column":3}},"57":{"start":{"line":129,"column":4},"end":{"line":129,"column":18}},"58":{"start":{"line":132,"column":18},"end":{"line":132,"column":47}},"59":{"start":{"line":132,"column":38},"end":{"line":132,"column":46}},"60":{"start":{"line":135,"column":25},"end":{"line":135,"column":74}},"61":{"start":{"line":136,"column":2},"end":{"line":138,"column":3}},"62":{"start":{"line":137,"column":4},"end":{"line":137,"column":58}},"63":{"start":{"line":140,"column":21},"end":{"line":140,"column":66}},"64":{"start":{"line":141,"column":2},"end":{"line":143,"column":3}},"65":{"start":{"line":142,"column":4},"end":{"line":142,"column":54}},"66":{"start":{"line":145,"column":22},"end":{"line":145,"column":68}},"67":{"start":{"line":146,"column":2},"end":{"line":148,"column":3}},"68":{"start":{"line":147,"column":4},"end":{"line":147,"column":55}},"69":{"start":{"line":150,"column":23},"end":{"line":150,"column":70}},"70":{"start":{"line":151,"column":2},"end":{"line":153,"column":3}},"71":{"start":{"line":152,"column":4},"end":{"line":152,"column":56}},"72":{"start":{"line":155,"column":2},"end":{"line":155,"column":9}},"73":{"start":{"line":158,"column":0},"end":{"line":158,"column":50}}},"fnMap":{"0":{"name":"(anonymous_1)","decl":{"start":{"line":30,"column":27},"end":{"line":30,"column":37}},"loc":{"start":{"line":30,"column":41},"end":{"line":38,"column":1}}},"1":{"name":"(anonymous_2)","decl":{"start":{"line":42,"column":23},"end":{"line":42,"column":33}},"loc":{"start":{"line":42,"column":37},"end":{"line":47,"column":1}}},"2":{"name":"(anonymous_3)","decl":{"start":{"line":49,"column":23},"end":{"line":49,"column":28}},"loc":{"start":{"line":49,"column":43},"end":{"line":56,"column":1}}},"3":{"name":"(anonymous_4)","decl":{"start":{"line":64,"column":2},"end":{"line":64,"column":7}},"loc":{"start":{"line":64,"column":22},"end":{"line":87,"column":3}}},"4":{"name":"(anonymous_5)","decl":{"start":{"line":92,"column":28},"end":{"line":92,"column":33}},"loc":{"start":{"line":92,"column":48},"end":{"line":121,"column":1}}},"5":{"name":"(anonymous_6)","decl":{"start":{"line":123,"column":29},"end":{"line":123,"column":34}},"loc":{"start":{"line":123,"column":49},"end":{"line":156,"column":1}}},"6":{"name":"(anonymous_7)","decl":{"start":{"line":132,"column":28},"end":{"line":132,"column":29}},"loc":{"start":{"line":132,"column":38},"end":{"line":132,"column":46}}}},"branchMap":{"0":{"loc":{"start":{"line":34,"column":2},"end":{"line":35,"column":69}},"type":"if","locations":[{"start":{"line":34,"column":2},"end":{"line":35,"column":69}}]},"1":{"loc":{"start":{"line":50,"column":2},"end":{"line":50,"column":50}},"type":"if","locations":[{"start":{"line":50,"column":2},"end":{"line":50,"column":50}}]},"2":{"loc":{"start":{"line":67,"column":4},"end":{"line":84,"column":5}},"type":"if","locations":[{"start":{"line":67,"column":4},"end":{"line":84,"column":5}}]},"3":{"loc":{"start":{"line":67,"column":8},"end":{"line":67,"column":70}},"type":"binary-expr","locations":[{"start":{"line":67,"column":8},"end":{"line":67,"column":14}},{"start":{"line":67,"column":18},"end":{"line":67,"column":44}},{"start":{"line":67,"column":48},"end":{"line":67,"column":70}}]},"4":{"loc":{"start":{"line":68,"column":6},"end":{"line":74,"column":7}},"type":"if","locations":[{"start":{"line":68,"column":6},"end":{"line":74,"column":7}}]},"5":{"loc":{"start":{"line":72,"column":8},"end":{"line":73,"column":75}},"type":"if","locations":[{"start":{"line":72,"column":8},"end":{"line":73,"column":75}}]},"6":{"loc":{"start":{"line":76,"column":6},"end":{"line":78,"column":7}},"type":"if","locations":[{"start":{"line":76,"column":6},"end":{"line":78,"column":7}}]},"7":{"loc":{"start":{"line":80,"column":6},"end":{"line":83,"column":7}},"type":"if","locations":[{"start":{"line":80,"column":6},"end":{"line":83,"column":7}}]},"8":{"loc":{"start":{"line":95,"column":2},"end":{"line":97,"column":3}},"type":"if","locations":[{"start":{"line":95,"column":2},"end":{"line":97,"column":3}}]},"9":{"loc":{"start":{"line":101,"column":2},"end":{"line":103,"column":3}},"type":"if","locations":[{"start":{"line":101,"column":2},"end":{"line":103,"column":3}}]},"10":{"loc":{"start":{"line":106,"column":2},"end":{"line":108,"column":3}},"type":"if","locations":[{"start":{"line":106,"column":2},"end":{"line":108,"column":3}}]},"11":{"loc":{"start":{"line":111,"column":2},"end":{"line":113,"column":3}},"type":"if","locations":[{"start":{"line":111,"column":2},"end":{"line":113,"column":3}}]},"12":{"loc":{"start":{"line":116,"column":2},"end":{"line":118,"column":3}},"type":"if","locations":[{"start":{"line":116,"column":2},"end":{"line":118,"column":3}}]},"13":{"loc":{"start":{"line":128,"column":2},"end":{"line":130,"column":3}},"type":"if","locations":[{"start":{"line":128,"column":2},"end":{"line":130,"column":3}}]},"14":{"loc":{"start":{"line":128,"column":6},"end":{"line":128,"column":34}},"type":"binary-expr","locations":[{"start":{"line":128,"column":6},"end":{"line":128,"column":12}},{"start":{"line":128,"column":16},"end":{"line":128,"column":34}}]},"15":{"loc":{"start":{"line":136,"column":2},"end":{"line":138,"column":3}},"type":"if","locations":[{"start":{"line":136,"column":2},"end":{"line":138,"column":3}}]},"16":{"loc":{"start":{"line":141,"column":2},"end":{"line":143,"column":3}},"type":"if","locations":[{"start":{"line":141,"column":2},"end":{"line":143,"column":3}}]},"17":{"loc":{"start":{"line":146,"column":2},"end":{"line":148,"column":3}},"type":"if","locations":[{"start":{"line":146,"column":2},"end":{"line":148,"column":3}}]},"18":{"loc":{"start":{"line":151,"column":2},"end":{"line":153,"column":3}},"type":"if","locations":[{"start":{"line":151,"column":2},"end":{"line":153,"column":3}}]}},"s":{"0":6,"1":6,"2":6,"3":6,"4":6,"5":6,"6":6,"7":6,"8":6,"9":6,"10":244,"11":244,"12":1,"13":243,"14":6,"15":219,"16":219,"17":6,"18":219,"19":1,"20":218,"21":218,"22":218,"23":6,"24":269,"25":269,"26":269,"27":3,"28":3,"29":2,"30":267,"31":2,"32":267,"33":2,"34":2,"35":267,"36":6,"37":7,"38":7,"39":1,"40":6,"41":6,"42":4,"43":6,"44":6,"45":1,"46":6,"47":6,"48":1,"49":6,"50":6,"51":2,"52":6,"53":6,"54":4,"55":4,"56":4,"57":1,"58":3,"59":6,"60":3,"61":3,"62":1,"63":3,"64":3,"65":1,"66":3,"67":3,"68":1,"69":3,"70":3,"71":1,"72":3,"73":6},"f":{"0":244,"1":219,"2":219,"3":269,"4":7,"5":4,"6":6},"b":{"0":[1],"1":[1],"2":[269],"3":[269,269,269],"4":[3],"5":[2],"6":[2],"7":[2],"8":[1],"9":[4],"10":[1],"11":[1],"12":[2],"13":[1],"14":[4,4],"15":[1],"16":[1],"17":[1],"18":[1]}}
,"C:\\Users\\NymAno\\Desktop\\Projects\\AirBnB-3rdParty\\express-ts-mongoose-graphql-template-main\\src\\model\\roomSchema.ts": {"path":"C:\\Users\\NymAno\\Desktop\\Projects\\AirBnB-3rdParty\\express-ts-mongoose-graphql-template-main\\src\\model\\roomSchema.ts","statementMap":{"0":{"start":{"line":1,"column":0},"end":{"line":1,"column":32}},"1":{"start":{"line":2,"column":0},"end":{"line":2,"column":32}},"2":{"start":{"line":3,"column":0},"end":{"line":3,"column":30}},"3":{"start":{"line":5,"column":19},"end":{"line":11,"column":null}},"4":{"start":{"line":14,"column":0},"end":{"line":24,"column":3}},"5":{"start":{"line":16,"column":2},"end":{"line":16,"column":78}},"6":{"start":{"line":16,"column":22},"end":{"line":16,"column":78}},"7":{"start":{"line":18,"column":27},"end":{"line":18,"column":64}},"8":{"start":{"line":20,"column":2},"end":{"line":21,"column":69}},"9":{"start":{"line":21,"column":4},"end":{"line":21,"column":69}},"10":{"start":{"line":23,"column":2},"end":{"line":23,"column":16}},"11":{"start":{"line":26,"column":0},"end":{"line":35,"column":2}},"12":{"start":{"line":29,"column":18},"end":{"line":29,"column":33}},"13":{"start":{"line":31,"column":5},"end":{"line":31,"column":78}},"14":{"start":{"line":33,"column":4},"end":{"line":33,"column":18}},"15":{"start":{"line":37,"column":0},"end":{"line":70,"column":2}},"16":{"start":{"line":40,"column":18},"end":{"line":40,"column":33}},"17":{"start":{"line":41,"column":19},"end":{"line":41,"column":35}},"18":{"start":{"line":44,"column":5},"end":{"line":44,"column":37}},"19":{"start":{"line":45,"column":5},"end":{"line":45,"column":39}},"20":{"start":{"line":47,"column":18},"end":{"line":47,"column":58}},"21":{"start":{"line":49,"column":4},"end":{"line":62,"column":5}},"22":{"start":{"line":50,"column":6},"end":{"line":55,"column":7}},"23":{"start":{"line":51,"column":25},"end":{"line":51,"column":37}},"24":{"start":{"line":52,"column":8},"end":{"line":54,"column":9}},"25":{"start":{"line":53,"column":10},"end":{"line":53,"column":68}},"26":{"start":{"line":57,"column":6},"end":{"line":61,"column":7}},"27":{"start":{"line":58,"column":24},"end":{"line":58,"column":35}},"28":{"start":{"line":59,"column":8},"end":{"line":60,"column":56}},"29":{"start":{"line":60,"column":10},"end":{"line":60,"column":56}},"30":{"start":{"line":64,"column":4},"end":{"line":66,"column":5}},"31":{"start":{"line":65,"column":7},"end":{"line":65,"column":52}},"32":{"start":{"line":68,"column":4},"end":{"line":68,"column":18}},"33":{"start":{"line":72,"column":0},"end":{"line":78,"column":3}},"34":{"start":{"line":73,"column":2},"end":{"line":77,"column":4}},"35":{"start":{"line":80,"column":0},"end":{"line":92,"column":3}},"36":{"start":{"line":81,"column":2},"end":{"line":85,"column":4}},"37":{"start":{"line":87,"column":2},"end":{"line":91,"column":4}},"38":{"start":{"line":94,"column":0},"end":{"line":104,"column":3}},"39":{"start":{"line":95,"column":31},"end":{"line":96,"column":null}},"40":{"start":{"line":96,"column":19},"end":{"line":96,"column":27}},"41":{"start":{"line":99,"column":2},"end":{"line":103,"column":4}},"42":{"start":{"line":106,"column":0},"end":{"line":127,"column":3}},"43":{"start":{"line":108,"column":27},"end":{"line":108,"column":55}},"44":{"start":{"line":110,"column":17},"end":{"line":110,"column":36}},"45":{"start":{"line":111,"column":2},"end":{"line":126,"column":3}},"46":{"start":{"line":112,"column":22},"end":{"line":112,"column":57}},"47":{"start":{"line":115,"column":4},"end":{"line":122,"column":5}},"48":{"start":{"line":119,"column":6},"end":{"line":121,"column":9}},"49":{"start":{"line":125,"column":4},"end":{"line":125,"column":78}},"50":{"start":{"line":129,"column":0},"end":{"line":148,"column":3}},"51":{"start":{"line":130,"column":17},"end":{"line":130,"column":33}},"52":{"start":{"line":132,"column":2},"end":{"line":147,"column":3}},"53":{"start":{"line":133,"column":4},"end":{"line":146,"column":5}},"54":{"start":{"line":134,"column":22},"end":{"line":134,"column":39}},"55":{"start":{"line":135,"column":20},"end":{"line":135,"column":72}},"56":{"start":{"line":136,"column":22},"end":{"line":136,"column":51}},"57":{"start":{"line":136,"column":42},"end":{"line":136,"column":50}},"58":{"start":{"line":138,"column":6},"end":{"line":141,"column":8}},"59":{"start":{"line":143,"column":6},"end":{"line":145,"column":9}},"60":{"start":{"line":150,"column":0},"end":{"line":150,"column":59}},"61":{"start":{"line":152,"column":0},"end":{"line":152,"column":50}}},"fnMap":{"0":{"name":"(anonymous_1)","decl":{"start":{"line":14,"column":27},"end":{"line":14,"column":37}},"loc":{"start":{"line":14,"column":41},"end":{"line":24,"column":1}}},"1":{"name":"(anonymous_2)","decl":{"start":{"line":28,"column":2},"end":{"line":28,"column":7}},"loc":{"start":{"line":28,"column":22},"end":{"line":34,"column":3}}},"2":{"name":"(anonymous_3)","decl":{"start":{"line":39,"column":2},"end":{"line":39,"column":7}},"loc":{"start":{"line":39,"column":22},"end":{"line":69,"column":3}}},"3":{"name":"(anonymous_4)","decl":{"start":{"line":72,"column":24},"end":{"line":72,"column":29}},"loc":{"start":{"line":72,"column":43},"end":{"line":78,"column":1}}},"4":{"name":"(anonymous_5)","decl":{"start":{"line":80,"column":36},"end":{"line":80,"column":41}},"loc":{"start":{"line":80,"column":55},"end":{"line":92,"column":1}}},"5":{"name":"(anonymous_6)","decl":{"start":{"line":94,"column":30},"end":{"line":94,"column":35}},"loc":{"start":{"line":94,"column":49},"end":{"line":104,"column":1}}},"6":{"name":"(anonymous_7)","decl":{"start":{"line":96,"column":4},"end":{"line":96,"column":5}},"loc":{"start":{"line":96,"column":19},"end":{"line":96,"column":27}}},"7":{"name":"(anonymous_8)","decl":{"start":{"line":106,"column":36},"end":{"line":106,"column":41}},"loc":{"start":{"line":106,"column":55},"end":{"line":127,"column":1}}},"8":{"name":"(anonymous_9)","decl":{"start":{"line":129,"column":30},"end":{"line":129,"column":35}},"loc":{"start":{"line":129,"column":35},"end":{"line":148,"column":1}}},"9":{"name":"(anonymous_10)","decl":{"start":{"line":136,"column":32},"end":{"line":136,"column":33}},"loc":{"start":{"line":136,"column":42},"end":{"line":136,"column":50}}}},"branchMap":{"0":{"loc":{"start":{"line":16,"column":2},"end":{"line":16,"column":78}},"type":"if","locations":[{"start":{"line":16,"column":2},"end":{"line":16,"column":78}}]},"1":{"loc":{"start":{"line":20,"column":2},"end":{"line":21,"column":69}},"type":"if","locations":[{"start":{"line":20,"column":2},"end":{"line":21,"column":69}}]},"2":{"loc":{"start":{"line":49,"column":4},"end":{"line":62,"column":5}},"type":"if","locations":[{"start":{"line":49,"column":4},"end":{"line":62,"column":5}}]},"3":{"loc":{"start":{"line":49,"column":8},"end":{"line":49,"column":70}},"type":"binary-expr","locations":[{"start":{"line":49,"column":8},"end":{"line":49,"column":14}},{"start":{"line":49,"column":18},"end":{"line":49,"column":44}},{"start":{"line":49,"column":48},"end":{"line":49,"column":70}}]},"4":{"loc":{"start":{"line":50,"column":6},"end":{"line":55,"column":7}},"type":"if","locations":[{"start":{"line":50,"column":6},"end":{"line":55,"column":7}}]},"5":{"loc":{"start":{"line":52,"column":8},"end":{"line":54,"column":9}},"type":"if","locations":[{"start":{"line":52,"column":8},"end":{"line":54,"column":9}}]},"6":{"loc":{"start":{"line":52,"column":12},"end":{"line":52,"column":57}},"type":"binary-expr","locations":[{"start":{"line":52,"column":12},"end":{"line":52,"column":40}},{"start":{"line":52,"column":44},"end":{"line":52,"column":57}}]},"7":{"loc":{"start":{"line":57,"column":6},"end":{"line":61,"column":7}},"type":"if","locations":[{"start":{"line":57,"column":6},"end":{"line":61,"column":7}}]},"8":{"loc":{"start":{"line":59,"column":8},"end":{"line":60,"column":56}},"type":"if","locations":[{"start":{"line":59,"column":8},"end":{"line":60,"column":56}}]},"9":{"loc":{"start":{"line":111,"column":2},"end":{"line":126,"column":3}},"type":"if","locations":[{"start":{"line":111,"column":2},"end":{"line":126,"column":3}}]},"10":{"loc":{"start":{"line":115,"column":4},"end":{"line":122,"column":5}},"type":"if","locations":[{"start":{"line":115,"column":4},"end":{"line":122,"column":5}}]},"11":{"loc":{"start":{"line":116,"column":6},"end":{"line":117,"column":60}},"type":"binary-expr","locations":[{"start":{"line":116,"column":6},"end":{"line":116,"column":24}},{"start":{"line":117,"column":6},"end":{"line":117,"column":60}}]},"12":{"loc":{"start":{"line":132,"column":2},"end":{"line":147,"column":3}},"type":"if","locations":[{"start":{"line":132,"column":2},"end":{"line":147,"column":3}}]},"13":{"loc":{"start":{"line":132,"column":6},"end":{"line":132,"column":68}},"type":"binary-expr","locations":[{"start":{"line":132,"column":6},"end":{"line":132,"column":12}},{"start":{"line":132,"column":16},"end":{"line":132,"column":42}},{"start":{"line":132,"column":46},"end":{"line":132,"column":68}}]},"14":{"loc":{"start":{"line":133,"column":4},"end":{"line":146,"column":5}},"type":"if","locations":[{"start":{"line":133,"column":4},"end":{"line":146,"column":5}}]},"15":{"loc":{"start":{"line":133,"column":8},"end":{"line":133,"column":44}},"type":"binary-expr","locations":[{"start":{"line":133,"column":8},"end":{"line":133,"column":19}},{"start":{"line":133,"column":23},"end":{"line":133,"column":44}}]}},"s":{"0":6,"1":6,"2":6,"3":6,"4":6,"5":63,"6":2,"7":61,"8":61,"9":1,"10":60,"11":6,"12":8,"13":8,"14":8,"15":6,"16":9,"17":9,"18":9,"19":9,"20":9,"21":9,"22":9,"23":4,"24":4,"25":2,"26":7,"27":3,"28":3,"29":1,"30":6,"31":8,"32":6,"33":6,"34":38,"35":6,"36":4,"37":4,"38":6,"39":4,"40":7,"41":4,"42":6,"43":3,"44":3,"45":3,"46":3,"47":3,"48":1,"49":3,"50":6,"51":2,"52":2,"53":2,"54":1,"55":1,"56":1,"57":2,"58":1,"59":1,"60":6,"61":6},"f":{"0":63,"1":8,"2":9,"3":38,"4":4,"5":4,"6":7,"7":3,"8":2,"9":2},"b":{"0":[2],"1":[1],"2":[9],"3":[9,9,9],"4":[4],"5":[2],"6":[4,4],"7":[3],"8":[1],"9":[3],"10":[1],"11":[3,3],"12":[2],"13":[2,2,2],"14":[1],"15":[2,2]}}
,"C:\\Users\\NymAno\\Desktop\\Projects\\AirBnB-3rdParty\\express-ts-mongoose-graphql-template-main\\src\\model\\test\\util\\guestFaker.ts": {"path":"C:\\Users\\NymAno\\Desktop\\Projects\\AirBnB-3rdParty\\express-ts-mongoose-graphql-template-main\\src\\model\\test\\util\\guestFaker.ts","statementMap":{"0":{"start":{"line":1,"column":0},"end":{"line":1,"column":40}},"1":{"start":{"line":3,"column":29},"end":{"line":12,"column":1}},"2":{"start":{"line":4,"column":2},"end":{"line":11,"column":4}},"3":{"start":{"line":3,"column":13},"end":{"line":3,"column":29}}},"fnMap":{"0":{"name":"(anonymous_0)","decl":{"start":{"line":3,"column":29},"end":{"line":3,"column":32}},"loc":{"start":{"line":3,"column":34},"end":{"line":12,"column":1}}}},"branchMap":{},"s":{"0":1,"1":1,"2":3,"3":1},"f":{"0":3},"b":{}}
,"C:\\Users\\NymAno\\Desktop\\Projects\\AirBnB-3rdParty\\express-ts-mongoose-graphql-template-main\\src\\model\\test\\util\\mockHost.ts": {"path":"C:\\Users\\NymAno\\Desktop\\Projects\\AirBnB-3rdParty\\express-ts-mongoose-graphql-template-main\\src\\model\\test\\util\\mockHost.ts","statementMap":{"0":{"start":{"line":1,"column":0},"end":{"line":1,"column":36}},"1":{"start":{"line":3,"column":30},"end":{"line":10,"column":1}},"2":{"start":{"line":4,"column":19},"end":{"line":8,"column":4}},"3":{"start":{"line":9,"column":2},"end":{"line":9,"column":37}},"4":{"start":{"line":3,"column":13},"end":{"line":3,"column":30}}},"fnMap":{"0":{"name":"(anonymous_1)","decl":{"start":{"line":3,"column":30},"end":{"line":3,"column":35}},"loc":{"start":{"line":3,"column":54},"end":{"line":10,"column":1}}}},"branchMap":{},"s":{"0":5,"1":5,"2":176,"3":176,"4":5},"f":{"0":176},"b":{}}
}
