TN:
SF:src\model\calendarSchema.ts
FN:13,(anonymous_1)
FN:37,(anonymous_2)
FN:43,(anonymous_3)
FN:47,(anonymous_4)
FN:60,(anonymous_5)
FNF:5
FNH:5
FNDA:2,(anonymous_1)
FNDA:50,(anonymous_2)
FNDA:47,(anonymous_3)
FNDA:6,(anonymous_4)
FNDA:1,(anonymous_5)
DA:1,6
DA:2,6
DA:3,6
DA:5,6
DA:13,6
DA:14,2
DA:15,2
DA:17,2
DA:18,2
DA:20,2
DA:21,2
DA:23,2
DA:25,2
DA:26,2
DA:27,2
DA:28,1
DA:34,1
DA:37,6
DA:38,50
DA:39,2
DA:40,48
DA:43,6
DA:44,47
DA:47,6
DA:48,6
DA:49,6
DA:56,6
DA:60,6
DA:61,1
DA:62,1
DA:63,1
DA:65,1
DA:66,1
DA:72,1
DA:76,6
DA:78,6
LF:36
LH:36
BRDA:20,0,0,2
BRDA:20,1,0,2
BRDA:20,1,1,2
BRDA:20,1,2,2
BRDA:21,2,0,2
BRDA:25,3,0,2
BRDA:27,4,0,1
BRDA:38,5,0,2
BRDA:48,6,0,6
BRDA:61,7,0,1
BRDA:65,8,0,1
BRDA:65,9,0,1
BRDA:65,9,1,1
BRF:13
BRH:13
end_of_record
TN:
SF:src\model\cohostSchema.ts
FN:29,(anonymous_1)
FN:37,(anonymous_2)
FN:49,(anonymous_3)
FN:83,(anonymous_4)
FN:90,(anonymous_5)
FN:103,(anonymous_6)
FN:107,(anonymous_7)
FN:109,(anonymous_8)
FN:120,(anonymous_9)
FN:128,(anonymous_10)
FN:136,(anonymous_11)
FN:153,(anonymous_12)
FNF:12
FNH:12
FNDA:8,(anonymous_1)
FNDA:62,(anonymous_2)
FNDA:15,(anonymous_3)
FNDA:55,(anonymous_4)
FNDA:55,(anonymous_5)
FNDA:3,(anonymous_6)
FNDA:5,(anonymous_7)
FNDA:9,(anonymous_8)
FNDA:6,(anonymous_9)
FNDA:4,(anonymous_10)
FNDA:9,(anonymous_11)
FNDA:53,(anonymous_12)
DA:1,6
DA:2,6
DA:3,6
DA:6,6
DA:8,6
DA:27,6
DA:30,8
DA:31,8
DA:33,8
DA:37,6
DA:39,62
DA:41,62
DA:42,2
DA:44,60
DA:47,6
DA:50,15
DA:51,15
DA:53,15
DA:55,15
DA:56,15
DA:58,3
DA:60,3
DA:61,1
DA:64,14
DA:65,3
DA:68,14
DA:69,2
DA:70,2
DA:73,14
DA:74,5
DA:75,3
DA:79,11
DA:83,6
DA:85,55
DA:87,55
DA:90,6
DA:91,55
DA:92,2
DA:94,53
DA:96,52
DA:97,52
DA:99,52
DA:103,6
DA:104,3
DA:107,6
DA:108,5
DA:109,9
DA:112,5
DA:120,6
DA:121,6
DA:122,6
DA:128,6
DA:129,4
DA:132,4
DA:134,3
DA:135,3
DA:136,9
DA:140,3
DA:146,3
DA:153,6
DA:154,53
DA:161,6
DA:163,6
LF:63
LH:63
BRDA:41,0,0,2
BRDA:55,1,0,15
BRDA:55,2,0,15
BRDA:55,2,1,15
BRDA:55,2,2,15
BRDA:56,3,0,3
BRDA:60,4,0,1
BRDA:64,5,0,3
BRDA:68,6,0,2
BRDA:73,7,0,5
BRDA:74,8,0,3
BRDA:91,9,0,2
BRDA:94,10,0,1
BRDA:132,11,0,1
BRF:14
BRH:14
end_of_record
TN:
SF:src\model\daySchema.ts
FN:23,(anonymous_1)
FN:32,(anonymous_2)
FN:58,(anonymous_3)
FNF:3
FNH:3
FNDA:76,(anonymous_1)
FNDA:20,(anonymous_2)
FNDA:72,(anonymous_3)
DA:1,6
DA:3,6
DA:19,6
DA:20,6
DA:21,6
DA:23,6
DA:24,76
DA:25,2
DA:27,74
DA:30,6
DA:33,20
DA:34,20
DA:35,20
DA:37,20
DA:42,20
DA:43,1
DA:44,1
DA:49,19
DA:50,2
DA:51,1
DA:58,6
DA:59,72
DA:60,72
DA:63,72
DA:64,4
DA:68,68
DA:71,6
LF:27
LH:27
BRDA:24,0,0,2
BRDA:37,1,0,20
BRDA:38,2,0,20
BRDA:38,2,1,20
BRDA:38,2,2,20
BRDA:42,3,0,1
BRDA:42,4,0,20
BRDA:42,4,1,19
BRDA:43,5,0,1
BRDA:49,6,0,2
BRDA:50,7,0,1
BRDA:59,8,0,72
BRDA:63,9,0,4
BRDA:63,10,0,72
BRDA:63,10,1,6
BRDA:63,10,2,4
BRF:16
BRH:16
end_of_record
TN:
SF:src\model\guestSchema.ts
FN:22,(anonymous_10)
FN:29,(anonymous_11)
FN:45,(anonymous_12)
FN:92,(anonymous_13)
FN:112,(anonymous_14)
FN:119,(anonymous_15)
FN:127,(anonymous_16)
FN:135,(anonymous_17)
FN:141,(anonymous_18)
FN:158,(anonymous_19)
FN:172,(anonymous_20)
FN:175,(anonymous_21)
FNF:12
FNH:12
FNDA:4,(anonymous_10)
FNDA:97,(anonymous_11)
FNDA:13,(anonymous_12)
FNDA:72,(anonymous_13)
FNDA:71,(anonymous_14)
FNDA:66,(anonymous_15)
FNDA:3,(anonymous_16)
FNDA:4,(anonymous_17)
FNDA:3,(anonymous_18)
FNDA:3,(anonymous_19)
FNDA:4,(anonymous_20)
FNDA:7,(anonymous_21)
DA:1,6
DA:2,6
DA:3,6
DA:4,6
DA:6,6
DA:22,6
DA:23,4
DA:24,4
DA:26,4
DA:29,6
DA:31,97
DA:32,4
DA:35,93
DA:37,93
DA:38,1
DA:40,92
DA:43,6
DA:46,13
DA:47,13
DA:49,13
DA:51,13
DA:52,13
DA:54,3
DA:55,1
DA:56,1
DA:57,1
DA:60,2
DA:65,11
DA:66,1
DA:67,1
DA:70,10
DA:72,2
DA:74,2
DA:75,1
DA:78,9
DA:79,2
DA:82,9
DA:83,1
DA:84,1
DA:88,8
DA:92,6
DA:94,72
DA:97,72
DA:98,71
DA:99,71
DA:100,71
DA:103,1
DA:107,71
DA:109,71
DA:112,6
DA:113,71
DA:114,1
DA:116,70
DA:119,6
DA:120,66
DA:127,6
DA:128,3
DA:129,3
DA:135,6
DA:136,4
DA:138,4
DA:139,2
DA:140,2
DA:141,3
DA:145,2
DA:151,2
DA:158,6
DA:159,3
DA:165,3
DA:172,6
DA:174,4
DA:175,7
DA:178,4
DA:185,6
DA:186,6
DA:187,6
DA:188,6
DA:190,6
LF:78
LH:78
BRDA:31,0,0,4
BRDA:37,1,0,1
BRDA:51,2,0,13
BRDA:51,3,0,13
BRDA:51,3,1,13
BRDA:51,3,2,13
BRDA:52,4,0,3
BRDA:54,5,0,1
BRDA:54,5,1,2
BRDA:56,6,0,1
BRDA:56,7,0,1
BRDA:56,7,1,1
BRDA:65,8,0,1
BRDA:66,9,0,1
BRDA:70,10,0,2
BRDA:74,11,0,1
BRDA:78,12,0,2
BRDA:82,13,0,1
BRDA:83,14,0,1
BRDA:94,15,0,1
BRDA:97,16,0,71
BRDA:97,16,1,1
BRDA:99,17,0,71
BRDA:99,18,0,71
BRDA:99,18,1,71
BRDA:113,19,0,1
BRDA:138,20,0,2
BRF:27
BRH:27
end_of_record
TN:
SF:src\model\hostSchema.ts
FN:30,(anonymous_1)
FN:42,(anonymous_2)
FN:49,(anonymous_3)
FN:64,(anonymous_4)
FN:92,(anonymous_5)
FN:123,(anonymous_6)
FN:132,(anonymous_7)
FNF:7
FNH:7
FNDA:244,(anonymous_1)
FNDA:219,(anonymous_2)
FNDA:219,(anonymous_3)
FNDA:269,(anonymous_4)
FNDA:7,(anonymous_5)
FNDA:4,(anonymous_6)
FNDA:6,(anonymous_7)
DA:1,6
DA:2,6
DA:3,6
DA:4,6
DA:5,6
DA:6,6
DA:8,6
DA:10,6
DA:28,6
DA:30,6
DA:32,244
DA:34,244
DA:35,1
DA:37,243
DA:42,6
DA:44,219
DA:46,219
DA:49,6
DA:50,219
DA:52,218
DA:53,218
DA:55,218
DA:62,6
DA:65,269
DA:67,269
DA:68,269
DA:70,3
DA:72,3
DA:73,2
DA:76,267
DA:77,2
DA:80,267
DA:81,2
DA:82,2
DA:86,267
DA:92,6
DA:93,7
DA:95,7
DA:96,1
DA:100,6
DA:101,6
DA:102,4
DA:105,6
DA:106,6
DA:107,1
DA:110,6
DA:111,6
DA:112,1
DA:115,6
DA:116,6
DA:117,2
DA:120,6
DA:123,6
DA:124,4
DA:126,4
DA:128,4
DA:129,1
DA:132,6
DA:135,3
DA:136,3
DA:137,1
DA:140,3
DA:141,3
DA:142,1
DA:145,3
DA:146,3
DA:147,1
DA:150,3
DA:151,3
DA:152,1
DA:155,3
DA:158,6
LF:72
LH:72
BRDA:34,0,0,1
BRDA:50,1,0,1
BRDA:67,2,0,269
BRDA:67,3,0,269
BRDA:67,3,1,269
BRDA:67,3,2,269
BRDA:68,4,0,3
BRDA:72,5,0,2
BRDA:76,6,0,2
BRDA:80,7,0,2
BRDA:95,8,0,1
BRDA:101,9,0,4
BRDA:106,10,0,1
BRDA:111,11,0,1
BRDA:116,12,0,2
BRDA:128,13,0,1
BRDA:128,14,0,4
BRDA:128,14,1,4
BRDA:136,15,0,1
BRDA:141,16,0,1
BRDA:146,17,0,1
BRDA:151,18,0,1
BRF:22
BRH:22
end_of_record
TN:
SF:src\model\roomSchema.ts
FN:14,(anonymous_1)
FN:28,(anonymous_2)
FN:39,(anonymous_3)
FN:72,(anonymous_4)
FN:80,(anonymous_5)
FN:94,(anonymous_6)
FN:96,(anonymous_7)
FN:106,(anonymous_8)
FN:129,(anonymous_9)
FN:136,(anonymous_10)
FNF:10
FNH:10
FNDA:63,(anonymous_1)
FNDA:8,(anonymous_2)
FNDA:9,(anonymous_3)
FNDA:38,(anonymous_4)
FNDA:4,(anonymous_5)
FNDA:4,(anonymous_6)
FNDA:7,(anonymous_7)
FNDA:3,(anonymous_8)
FNDA:2,(anonymous_9)
FNDA:2,(anonymous_10)
DA:1,6
DA:2,6
DA:3,6
DA:5,6
DA:14,6
DA:16,63
DA:18,61
DA:20,61
DA:21,1
DA:23,60
DA:26,6
DA:29,8
DA:31,8
DA:33,8
DA:37,6
DA:40,9
DA:41,9
DA:44,9
DA:45,9
DA:47,9
DA:49,9
DA:50,9
DA:51,4
DA:52,4
DA:53,2
DA:57,7
DA:58,3
DA:59,3
DA:60,1
DA:64,6
DA:65,8
DA:68,6
DA:72,6
DA:73,38
DA:80,6
DA:81,4
DA:87,4
DA:94,6
DA:95,4
DA:96,7
DA:99,4
DA:106,6
DA:108,3
DA:110,3
DA:111,3
DA:112,3
DA:115,3
DA:119,1
DA:125,3
DA:129,6
DA:130,2
DA:132,2
DA:133,2
DA:134,1
DA:135,1
DA:136,2
DA:138,1
DA:143,1
DA:150,6
DA:152,6
LF:60
LH:60
BRDA:16,0,0,2
BRDA:20,1,0,1
BRDA:49,2,0,9
BRDA:49,3,0,9
BRDA:49,3,1,9
BRDA:49,3,2,9
BRDA:50,4,0,4
BRDA:52,5,0,2
BRDA:52,6,0,4
BRDA:52,6,1,4
BRDA:57,7,0,3
BRDA:59,8,0,1
BRDA:111,9,0,3
BRDA:115,10,0,1
BRDA:116,11,0,3
BRDA:116,11,1,3
BRDA:132,12,0,2
BRDA:132,13,0,2
BRDA:132,13,1,2
BRDA:132,13,2,2
BRDA:133,14,0,1
BRDA:133,15,0,2
BRDA:133,15,1,2
BRF:23
BRH:23
end_of_record
TN:
SF:src\model\test\util\guestFaker.ts
FN:3,(anonymous_0)
FNF:1
FNH:1
FNDA:3,(anonymous_0)
DA:1,1
DA:3,1
DA:4,3
LF:3
LH:3
BRF:0
BRH:0
end_of_record
TN:
SF:src\model\test\util\mockHost.ts
FN:3,(anonymous_1)
FNF:1
FNH:1
FNDA:176,(anonymous_1)
DA:1,5
DA:3,5
DA:4,176
DA:9,176
LF:4
LH:4
BRF:0
BRH:0
end_of_record
